#
# There is insufficient memory for the Java Runtime Environment to continue.
# Native memory allocation (malloc) failed to allocate 32744 bytes for ChunkPool::allocate
# Possible reasons:
#   The system is out of physical RAM or swap space
#   The process is running with CompressedOops enabled, and the Java Heap may be blocking the growth of the native heap
# Possible solutions:
#   Reduce memory load on the system
#   Increase physical memory or swap space
#   Check if swap backing store is full
#   Decrease Java heap size (-Xmx/-Xms)
#   Decrease number of Java threads
#   Decrease Java thread stack sizes (-Xss)
#   Set larger code cache with -XX:ReservedCodeCacheSize=
#   JVM is running with Zero Based Compressed Oops mode in which the Java heap is
#     placed in the first 32GB address space. The Java Heap base address is the
#     maximum limit for the native heap growth. Please use -XX:HeapBaseMinAddress
#     to set the Java Heap base and to place the Java Heap above 32GB virtual address.
# This output file may be truncated or incomplete.
#
#  Out of Memory Error (allocation.cpp:272), pid=9464, tid=0x0000000000000c38
#
# JRE version: OpenJDK Runtime Environment (Zulu 8.36.0.1-CA-win64) (8.0_202-b05) (build 1.8.0_202-b05)
# Java VM: OpenJDK 64-Bit Server VM (25.202-b05 mixed mode windows-amd64 compressed oops)
# Failed to write core dump. Minidumps are not enabled by default on client versions of Windows
#

---------------  T H R E A D  ---------------

Current thread (0x0000000028874800):  JavaThread "C2 CompilerThread2" daemon [_thread_in_native, id=3128, stack(0x0000000029290000,0x0000000029390000)]

Stack: [0x0000000029290000,0x0000000029390000]
[error occurred during error reporting (printing stack bounds), id 0xc0000005]

Native frames: (J=compiled Java code, j=interpreted, Vv=VM code, C=native code)


Current CompileTask:
C2:    483   25  s    4       java.lang.StringBuffer::append (13 bytes)


---------------  P R O C E S S  ---------------

Java Threads: ( => current thread )
  0x000000002886b000 JavaThread "Service Thread" daemon [_thread_blocked, id=23736, stack(0x0000000029490000,0x0000000029590000)]
  0x0000000028875000 JavaThread "C1 CompilerThread3" daemon [_thread_in_native, id=2464, stack(0x0000000029390000,0x0000000029490000)]
=>0x0000000028874800 JavaThread "C2 CompilerThread2" daemon [_thread_in_native, id=3128, stack(0x0000000029290000,0x0000000029390000)]
  0x0000000028873800 JavaThread "C2 CompilerThread1" daemon [_thread_in_native, id=23276, stack(0x0000000029190000,0x0000000029290000)]
  0x000000002886f000 JavaThread "C2 CompilerThread0" daemon [_thread_blocked, id=21928, stack(0x0000000029090000,0x0000000029190000)]
  0x000000002863f000 JavaThread "JDWP Command Reader" daemon [_thread_in_native, id=13744, stack(0x0000000028f90000,0x0000000029090000)]
  0x0000000028638000 JavaThread "JDWP Event Helper Thread" daemon [_thread_blocked, id=27596, stack(0x0000000028e90000,0x0000000028f90000)]
  0x00000000267ce800 JavaThread "JDWP Transport Listener: dt_socket" daemon [_thread_blocked, id=13456, stack(0x0000000028d90000,0x0000000028e90000)]
  0x00000000267c9000 JavaThread "Attach Listener" daemon [_thread_blocked, id=13464, stack(0x0000000028c90000,0x0000000028d90000)]
  0x00000000285d4000 JavaThread "Signal Dispatcher" daemon [_thread_blocked, id=24792, stack(0x0000000028b90000,0x0000000028c90000)]
  0x00000000267c3000 JavaThread "Finalizer" daemon [_thread_blocked, id=14428, stack(0x0000000028a90000,0x0000000028b90000)]
  0x00000000285b0800 JavaThread "Reference Handler" daemon [_thread_blocked, id=14380, stack(0x0000000028990000,0x0000000028a90000)]
  0x00000000036d5000 JavaThread "main" [_thread_in_vm, id=2404, stack(0x0000000003390000,0x0000000003490000)]

Other Threads:
  0x00000000037ce800 VMThread [stack: 0x0000000028490000,0x0000000028590000] [id=20076]
  0x0000000028908800 WatcherThread [stack: 0x0000000029590000,0x0000000029690000] [id=24820]

VM state:not at safepoint (normal execution)

VM Mutex/Monitor currently owned by a thread: None

OutOfMemory and StackOverflow Exception counts:
OutOfMemoryError java_heap_errors=2

heap address: 0x00000005c0e00000, size: 8178 MB, Compressed Oops mode: Zero based, Oop shift amount: 3
Narrow klass base: 0x0000000000000000, Narrow klass shift: 3
Compressed class space size: 1073741824 Address: 0x00000007c0000000

Heap:
 PSYoungGen      total 153088K, used 13203K [0x0000000715a00000, 0x0000000720480000, 0x00000007c0000000)
  eden space 131584K, 10% used [0x0000000715a00000,0x00000007166e4d30,0x000000071da80000)
  from space 21504K, 0% used [0x000000071ef80000,0x000000071ef80000,0x0000000720480000)
  to   space 21504K, 0% used [0x000000071da80000,0x000000071da80000,0x000000071ef80000)
 ParOldGen       total 349696K, used 0K [0x00000005c0e00000, 0x00000005d6380000, 0x0000000715a00000)
  object space 349696K, 0% used [0x00000005c0e00000,0x00000005c0e00000,0x00000005d6380000)
 Metaspace       used 4603K, capacity 4664K, committed 4864K, reserved 1056768K
  class space    used 482K, capacity 492K, committed 512K, reserved 1048576K

Card table byte_map: [0x0000000012b90000,0x0000000013b90000] byte_map_base: 0x000000000fd89000

Marking Bits: (ParMarkBitMap*) 0x0000000074af9630
 Begin Bits: [0x0000000014e40000, 0x000000001ce08000)
 End Bits:   [0x000000001ce08000, 0x0000000024dd0000)

Polling page: 0x0000000001730000

CodeCache: size=245760Kb used=1263Kb max_used=1265Kb free=244496Kb
 bounds [0x00000000037d0000, 0x0000000003a40000, 0x00000000127d0000]
 total_blobs=334 nmethods=68 adapters=188
 compilation: enabled

Compilation events (10 events):
Event: 0.458 Thread 0x0000000028874800 nmethod 19% 0x00000000038eb050 code [0x00000000038eb1a0, 0x00000000038eb3f8]
Event: 0.458 Thread 0x000000002886f000 nmethod 16% 0x00000000038e9550 code [0x00000000038e96a0, 0x00000000038e9998]
Event: 0.459 Thread 0x0000000028873800   22       4       java.io.WinNTFileSystem::isSlash (18 bytes)
Event: 0.459 Thread 0x0000000028874800   25  s    4       java.lang.StringBuffer::append (13 bytes)
Event: 0.459 Thread 0x000000002886f000   26       4       java.lang.AbstractStringBuilder::append (29 bytes)
Event: 0.459 Thread 0x0000000028875000   27       3       java.io.WinNTFileSystem::normalize (231 bytes)
Event: 0.459 Thread 0x0000000028873800 nmethod 22 0x00000000038e0e90 code [0x00000000038e0fc0, 0x00000000038e1038]
Event: 0.460 Thread 0x0000000028873800   24       4       java.lang.Object::<init> (1 bytes)
Event: 0.460 Thread 0x0000000028873800 nmethod 24 0x00000000038eb510 code [0x00000000038eb640, 0x00000000038eb6d8]
Event: 0.460 Thread 0x0000000028873800   23       4       java.lang.AbstractStringBuilder::ensureCapacityInternal (27 bytes)

GC Heap History (0 events):
No events

Deoptimization events (0 events):
No events

Classes redefined (0 events):
No events

Internal exceptions (2 events):
Event: 0.121 Thread 0x00000000036d5000 Exception <a 'java/lang/NoSuchMethodError': Method sun.misc.Unsafe.defineClass(Ljava/lang/String;[BII)Ljava/lang/Class; name or signature does not match> (0x0000000715a07cb0) thrown at [C:\jenkins\workspace\zulu8-silver-build-win64\zulu-src\hotspot\src\sh
Event: 0.121 Thread 0x00000000036d5000 Exception <a 'java/lang/NoSuchMethodError': Method sun.misc.Unsafe.prefetchRead(Ljava/lang/Object;J)V name or signature does not match> (0x0000000715a07f98) thrown at [C:\jenkins\workspace\zulu8-silver-build-win64\zulu-src\hotspot\src\share\vm\prims\jni.c

Events (10 events):
Event: 0.454 loading class sun/misc/PostVMInitHook
Event: 0.454 loading class sun/misc/PostVMInitHook done
Event: 0.454 loading class sun/launcher/LauncherHelper
Event: 0.455 loading class sun/launcher/LauncherHelper done
Event: 0.455 loading class org/eclipse/jdt/internal/junit/runner/RemoteTestRunner
Event: 0.455 loading class org/eclipse/jdt/internal/junit/runner/RemoteTestRunner done
Event: 0.456 loading class sun/misc/URLClassPath$FileLoader$1
Event: 0.456 loading class sun/misc/URLClassPath$FileLoader$1 done
Event: 0.461 loading class org/eclipse/jdt/launching/internal/org/objectweb/asm/ClassReader
Event: 0.461 loading class org/eclipse/jdt/launching/internal/org/objectweb/asm/ClassReader done


Dynamic libraries:
0x00007ff7684b0000 - 0x00007ff7684e5000 	D:\paycoms\javavm\zulu-jdk8.0.202-win_x64\zulu8.36.0.1-ca-jdk8.0.202-win_x64\bin\javaw.exe
0x00007fffe1c00000 - 0x00007fffe1de1000 	C:\WINDOWS\SYSTEM32\ntdll.dll
0x00007fffdf1c0000 - 0x00007fffdf271000 	C:\WINDOWS\System32\KERNEL32.DLL
0x00007fffde6e0000 - 0x00007fffde953000 	C:\WINDOWS\System32\KERNELBASE.dll
0x00007fffdf750000 - 0x00007fffdf7f1000 	C:\WINDOWS\System32\ADVAPI32.dll
0x00007fffdf300000 - 0x00007fffdf39e000 	C:\WINDOWS\System32\msvcrt.dll
0x00007fffdf520000 - 0x00007fffdf57b000 	C:\WINDOWS\System32\sechost.dll
0x00007fffdf090000 - 0x00007fffdf1b4000 	C:\WINDOWS\System32\RPCRT4.dll
0x00007fffdf890000 - 0x00007fffdfa20000 	C:\WINDOWS\System32\USER32.dll
0x00007fffdefa0000 - 0x00007fffdefc0000 	C:\WINDOWS\System32\win32u.dll
0x00007fffe15a0000 - 0x00007fffe15c8000 	C:\WINDOWS\System32\GDI32.dll
0x00007fffdeb60000 - 0x00007fffdecf2000 	C:\WINDOWS\System32\gdi32full.dll
0x00007fffde9c0000 - 0x00007fffdea5f000 	C:\WINDOWS\System32\msvcp_win.dll
0x00007fffdea60000 - 0x00007fffdeb58000 	C:\WINDOWS\System32\ucrtbase.dll
0x00007fffd0930000 - 0x00007fffd0b99000 	C:\WINDOWS\WinSxS\amd64_microsoft.windows.common-controls_6595b64144ccf1df_6.0.17134.706_none_fb43a2cb30647007\COMCTL32.dll
0x00007fffe1260000 - 0x00007fffe1582000 	C:\WINDOWS\System32\combase.dll
0x00007fffdf010000 - 0x00007fffdf08a000 	C:\WINDOWS\System32\bcryptPrimitives.dll
0x00007fffdf860000 - 0x00007fffdf88d000 	C:\WINDOWS\System32\IMM32.DLL
0x0000000074b80000 - 0x0000000074c52000 	D:\paycoms\javavm\zulu-jdk8.0.202-win_x64\zulu8.36.0.1-ca-jdk8.0.202-win_x64\jre\bin\msvcr100.dll
0x00000000742d0000 - 0x0000000074b7a000 	D:\paycoms\javavm\zulu-jdk8.0.202-win_x64\zulu8.36.0.1-ca-jdk8.0.202-win_x64\jre\bin\server\jvm.dll
0x00007fffdfaf0000 - 0x00007fffdfaf8000 	C:\WINDOWS\System32\PSAPI.DLL
0x00007fffdcb50000 - 0x00007fffdcb5a000 	C:\WINDOWS\SYSTEM32\VERSION.dll
0x00007fffdac10000 - 0x00007fffdac33000 	C:\WINDOWS\SYSTEM32\WINMM.dll
0x00007fffb6480000 - 0x00007fffb6489000 	C:\WINDOWS\SYSTEM32\WSOCK32.dll
0x00007fffdfdb0000 - 0x00007fffdfe1c000 	C:\WINDOWS\System32\WS2_32.dll
0x00007fffdabe0000 - 0x00007fffdac0a000 	C:\WINDOWS\SYSTEM32\WINMMBASE.dll
0x00007fffdefc0000 - 0x00007fffdf009000 	C:\WINDOWS\System32\cfgmgr32.dll
0x00007fffd6de0000 - 0x00007fffd6def000 	D:\paycoms\javavm\zulu-jdk8.0.202-win_x64\zulu8.36.0.1-ca-jdk8.0.202-win_x64\jre\bin\verify.dll
0x00007fffcdd00000 - 0x00007fffcdd29000 	D:\paycoms\javavm\zulu-jdk8.0.202-win_x64\zulu8.36.0.1-ca-jdk8.0.202-win_x64\jre\bin\java.dll
0x00007fffd6f80000 - 0x00007fffd6fb5000 	D:\paycoms\javavm\zulu-jdk8.0.202-win_x64\zulu8.36.0.1-ca-jdk8.0.202-win_x64\jre\bin\jdwp.dll
0x00007fffdaa40000 - 0x00007fffdaa48000 	D:\paycoms\javavm\zulu-jdk8.0.202-win_x64\zulu8.36.0.1-ca-jdk8.0.202-win_x64\jre\bin\npt.dll
0x00007fffba370000 - 0x00007fffba393000 	D:\paycoms\javavm\zulu-jdk8.0.202-win_x64\zulu8.36.0.1-ca-jdk8.0.202-win_x64\jre\bin\instrument.dll
0x00007fffcdd80000 - 0x00007fffcdd96000 	D:\paycoms\javavm\zulu-jdk8.0.202-win_x64\zulu8.36.0.1-ca-jdk8.0.202-win_x64\jre\bin\zip.dll
0x00007fffdfe20000 - 0x00007fffe1260000 	C:\WINDOWS\System32\SHELL32.dll
0x00007fffe1630000 - 0x00007fffe16d9000 	C:\WINDOWS\System32\shcore.dll
0x00007fffddfd0000 - 0x00007fffde6dd000 	C:\WINDOWS\System32\windows.storage.dll
0x00007fffdf800000 - 0x00007fffdf851000 	C:\WINDOWS\System32\shlwapi.dll
0x00007fffddfb0000 - 0x00007fffddfc1000 	C:\WINDOWS\System32\kernel.appcore.dll
0x00007fffddf70000 - 0x00007fffddf8f000 	C:\WINDOWS\System32\profapi.dll
0x00007fffddf20000 - 0x00007fffddf6c000 	C:\WINDOWS\System32\powrprof.dll
0x00007fffddf10000 - 0x00007fffddf1a000 	C:\WINDOWS\System32\FLTLIB.DLL
0x00007fffda8e0000 - 0x00007fffda8e9000 	D:\paycoms\javavm\zulu-jdk8.0.202-win_x64\zulu8.36.0.1-ca-jdk8.0.202-win_x64\jre\bin\dt_socket.dll
0x00007fffd62d0000 - 0x00007fffd62e6000 	C:\WINDOWS\system32\napinsp.dll
0x00007fffda900000 - 0x00007fffda91a000 	C:\WINDOWS\system32\pnrpnsp.dll
0x00007fffda8a0000 - 0x00007fffda8b9000 	C:\WINDOWS\system32\NLAapi.dll
0x00007fffdd790000 - 0x00007fffdd7f6000 	C:\WINDOWS\System32\mswsock.dll
0x00007fffdd550000 - 0x00007fffdd60e000 	C:\WINDOWS\SYSTEM32\DNSAPI.dll
0x00007fffe1590000 - 0x00007fffe1598000 	C:\WINDOWS\System32\NSI.dll
0x00007fffdd510000 - 0x00007fffdd548000 	C:\WINDOWS\SYSTEM32\IPHLPAPI.DLL
0x00007fffdac40000 - 0x00007fffdac4e000 	C:\WINDOWS\System32\winrnr.dll
0x00007fffd6060000 - 0x00007fffd60d2000 	C:\WINDOWS\System32\fwpuclnt.dll
0x00007fffdda70000 - 0x00007fffdda95000 	C:\WINDOWS\SYSTEM32\bcrypt.dll
0x00007fffd5f70000 - 0x00007fffd5f7a000 	C:\Windows\System32\rasadhlp.dll

VM Arguments:
jvm_args: -agentlib:jdwp=transport=dt_socket,suspend=y,address=localhost:57015 -ea -javaagent:D:\sts_4.1.2.RELEASE\sts-4.1.2.RELEASE\configuration\org.eclipse.osgi\240\0\.cp\lib\javaagent-shaded.jar -Dfile.encoding=UTF-8 
java_command: org.eclipse.jdt.internal.junit.runner.RemoteTestRunner -version 3 -port 57014 -testLoaderClass org.eclipse.jdt.internal.junit4.runner.JUnit4TestLoader -loaderpluginname org.eclipse.jdt.junit4.runtime -test com.sup2is.allaboutmise.model.JsonResultTest:testJsonResult_withException
java_class_path (initial): D:\git-workspace\allaboutmise\target\test-classes;D:\git-workspace\allaboutmise\target\classes;C:\Users\CHS\.m2\repository\org\springframework\boot\spring-boot-starter-web\2.1.4.RELEASE\spring-boot-starter-web-2.1.4.RELEASE.jar;C:\Users\CHS\.m2\repository\org\springframework\boot\spring-boot-starter\2.1.4.RELEASE\spring-boot-starter-2.1.4.RELEASE.jar;C:\Users\CHS\.m2\repository\org\springframework\boot\spring-boot\2.1.4.RELEASE\spring-boot-2.1.4.RELEASE.jar;C:\Users\CHS\.m2\repository\org\springframework\boot\spring-boot-autoconfigure\2.1.4.RELEASE\spring-boot-autoconfigure-2.1.4.RELEASE.jar;C:\Users\CHS\.m2\repository\org\springframework\boot\spring-boot-starter-logging\2.1.4.RELEASE\spring-boot-starter-logging-2.1.4.RELEASE.jar;C:\Users\CHS\.m2\repository\ch\qos\logback\logback-classic\1.2.3\logback-classic-1.2.3.jar;C:\Users\CHS\.m2\repository\ch\qos\logback\logback-core\1.2.3\logback-core-1.2.3.jar;C:\Users\CHS\.m2\repository\org\apache\logging\log4j\log4j-to-slf4j\2.11.2\log4j-to-slf4j-2.11.2.jar;C:\Users\CHS\.m2\repository\org\apache\logging\log4j\log4j-api\2.11.2\log4j-api-2.11.2.jar;C:\Users\CHS\.m2\repository\org\slf4j\jul-to-slf4j\1.7.26\jul-to-slf4j-1.7.26.jar;C:\Users\CHS\.m2\repository\javax\annotation\javax.annotation-api\1.3.2\javax.annotation-api-1.3.2.jar;C:\Users\CHS\.m2\repository\org\yaml\snakeyaml\1.23\snakeyaml-1.23.jar;C:\Users\CHS\.m2\repository\org\springframework\boot\spring-boot-starter-json\2.1.4.RELEASE\spring-boot-starter-json-2.1.4.RELEASE.jar;C:\Users\CHS\.m2\repository\com\fasterxml\jackson\core\jackson-databind\2.9.8\jackson-databind-2.9.8.jar;C:\Users\CHS\.m2\repository\com\fasterxml\jackson\core\jackson-annotations\2.9.0\jackson-annotations-2.9.0.jar;C:\Users\CHS\.m2\repository\com\fasterxml\jackson\core\jackson-core\2.9.8\jackson-core-2.9.8.jar;C:\Users\CHS\.m2\repository\com\fasterxml\jackson\datatype\jackson-datatype-jdk8\2.9.8\jackson-datatype-jdk8-2.9.8.jar;C:\Users\CHS\.m2\repository\com\fasterxm
Launcher Type: SUN_STANDARD

Environment Variables:
JAVA_HOME=D:\paycoms\javavm\zulu-jdk8.0.202-win_x64\zulu8.36.0.1-ca-jdk8.0.202-win_x64\bin
JRE_HOME=D:\paycoms\javavm\zulu-jdk8.0.202-win_x64\zulu8.36.0.1-ca-jdk8.0.202-win_x64\jre\bin
PATH=D:/paycoms/javavm/zulu-jdk8.0.202-win_x64/zulu8.36.0.1-ca-jdk8.0.202-win_x64/bin/../jre/bin/server;D:/paycoms/javavm/zulu-jdk8.0.202-win_x64/zulu8.36.0.1-ca-jdk8.0.202-win_x64/bin/../jre/bin;D:/paycoms/javavm/zulu-jdk8.0.202-win_x64/zulu8.36.0.1-ca-jdk8.0.202-win_x64/bin/../jre/lib/amd64;D:\paycoms\javavm\zulu-jdk8.0.202-win_x64\zulu8.36.0.1-ca-jdk8.0.202-win_x64\bin;D:\paycoms\javavm\zulu-jdk8.0.202-win_x64\zulu8.36.0.1-ca-jdk8.0.202-win_x64\jre\bin;C:\WINDOWS\system32;C:\WINDOWS;C:\WINDOWS\System32\Wbem;C:\WINDOWS\System32\WindowsPowerShell\v1.0\;C:\Program Files (x86)\ATI Technologies\ATI.ACE\Core-Static;C:\Program Files\TortoiseSVN\bin;D:\paycoms\oracle-instantclient\instantclient_11_2;C:\Program Files\SlikSvn\bin;D:\Git\cmd;C:\WINDOWS\System32\OpenSSH\;D:\paycoms\apache-maven-3.6.1-bin\apache-maven-3.6.1\bin;D:\node.js;C:\Users\CHS\AppData\Local\Microsoft\WindowsApps;C:\Users\CHS\AppData\Roaming\npm;D:\sts_4.1.2.RELEASE\sts-4.1.2.RELEASE;
USERNAME=CHS
OS=Windows_NT
PROCESSOR_IDENTIFIER=Intel64 Family 6 Model 60 Stepping 3, GenuineIntel



---------------  S Y S T E M  ---------------

OS: Windows 10.0 , 64 bit Build 17134 (10.0.17134.706)

CPU:total 8 (initial active 8) (4 cores per cpu, 2 threads per core) family 6 model 60 stepping 3, cmov, cx8, fxsr, mmx, sse, sse2, sse3, ssse3, sse4.1, sse4.2, popcnt, avx, avx2, aes, clmul, erms, lzcnt, ht, tsc, tscinvbit, bmi1, bmi2

Memory: 4k page, physical 33489860k(23449384k free), swap 48097344k(5120k free)

vm_info: OpenJDK 64-Bit Server VM (25.202-b05) for windows-amd64 JRE (Zulu 8.36.0.1-CA-win64) (1.8.0_202-b05), built on Jan 29 2019 06:24:43 by "tester" with MS VC++ 10.0 (VS2010)

time: Mon Apr 29 09:19:00 2019
timezone: 대한민국 표준시
elapsed time: 0 seconds (0d 0h 0m 0s)

