#
# There is insufficient memory for the Java Runtime Environment to continue.
# Native memory allocation (malloc) failed to allocate 1048576 bytes for AllocateHeap
# Possible reasons:
#   The system is out of physical RAM or swap space
#   The process is running with CompressedOops enabled, and the Java Heap may be blocking the growth of the native heap
# Possible solutions:
#   Reduce memory load on the system
#   Increase physical memory or swap space
#   Check if swap backing store is full
#   Decrease Java heap size (-Xmx/-Xms)
#   Decrease number of Java threads
#   Decrease Java thread stack sizes (-Xss)
#   Set larger code cache with -XX:ReservedCodeCacheSize=
#   JVM is running with Zero Based Compressed Oops mode in which the Java heap is
#     placed in the first 32GB address space. The Java Heap base address is the
#     maximum limit for the native heap growth. Please use -XX:HeapBaseMinAddress
#     to set the Java Heap base and to place the Java Heap above 32GB virtual address.
# This output file may be truncated or incomplete.
#
#  Out of Memory Error (memory/allocation.inline.hpp:61), pid=24900, tid=0x0000000000006a00
#
# JRE version:  (8.0_202-b05) (build )
# Java VM: OpenJDK 64-Bit Server VM (25.202-b05 mixed mode windows-amd64 compressed oops)
# Failed to write core dump. Minidumps are not enabled by default on client versions of Windows
#

---------------  T H R E A D  ---------------

Current thread (0x0000000002ec5000):  JavaThread "Unknown thread" [_thread_in_vm, id=27136, stack(0x00000000028d0000,0x00000000029d0000)]

Stack: [0x00000000028d0000,0x00000000029d0000]
[error occurred during error reporting (printing stack bounds), id 0xc0000005]

Native frames: (J=compiled Java code, j=interpreted, Vv=VM code, C=native code)


---------------  P R O C E S S  ---------------

Java Threads: ( => current thread )

Other Threads:

=>0x0000000002ec5000 (exited) JavaThread "Unknown thread" [_thread_in_vm, id=27136, stack(0x00000000028d0000,0x00000000029d0000)]

VM state:not at safepoint (normal execution)

VM Mutex/Monitor currently owned by a thread: None

heap address: 0x00000005c0e00000, size: 8178 MB, Compressed Oops mode: Zero based, Oop shift amount: 3
Narrow klass base: 0x0000000000000000, Narrow klass shift: 3
Compressed class space size: 1073741824 Address: 0x00000007c0000000

Heap:
 PSYoungGen      total 153088K, used 2631K [0x0000000715a00000, 0x0000000720480000, 0x00000007c0000000)
  eden space 131584K, 2% used [0x0000000715a00000,0x0000000715c91ec8,0x000000071da80000)
  from space 21504K, 0% used [0x000000071ef80000,0x000000071ef80000,0x0000000720480000)
  to   space 21504K, 0% used [0x000000071da80000,0x000000071da80000,0x000000071ef80000)
 ParOldGen       total 349696K, used 0K [0x00000005c0e00000, 0x00000005d6380000, 0x0000000715a00000)
  object space 349696K, 0% used [0x00000005c0e00000,0x00000005c0e00000,0x00000005d6380000)
 Metaspace       used 790K, capacity 4480K, committed 4480K, reserved 1056768K
  class space    used 76K, capacity 384K, committed 384K, reserved 1048576K

Card table byte_map: [0x0000000012380000,0x0000000013380000] byte_map_base: 0x000000000f579000

Marking Bits: (ParMarkBitMap*) 0x0000000074af9630
 Begin Bits: [0x0000000014630000, 0x000000001c5f8000)
 End Bits:   [0x000000001c5f8000, 0x00000000245c0000)

Polling page: 0x0000000002860000

CodeCache: size=245760Kb used=328Kb max_used=328Kb free=245431Kb
 bounds [0x0000000002fc0000, 0x0000000003230000, 0x0000000011fc0000]
 total_blobs=57 nmethods=0 adapters=38
 compilation: enabled

Compilation events (0 events):
No events

GC Heap History (0 events):
No events

Deoptimization events (0 events):
No events

Classes redefined (0 events):
No events

Internal exceptions (0 events):
No events

Events (10 events):
Event: 0.032 loading class java/lang/Short
Event: 0.032 loading class java/lang/Short done
Event: 0.032 loading class java/lang/Integer
Event: 0.032 loading class java/lang/Integer done
Event: 0.032 loading class java/lang/Long
Event: 0.032 loading class java/lang/Long done
Event: 0.032 loading class java/lang/NullPointerException
Event: 0.032 loading class java/lang/NullPointerException done
Event: 0.032 loading class java/lang/ArithmeticException
Event: 0.032 loading class java/lang/ArithmeticException done


Dynamic libraries:
0x00007ff7684b0000 - 0x00007ff7684e5000 	D:\paycoms\javavm\zulu-jdk8.0.202-win_x64\zulu8.36.0.1-ca-jdk8.0.202-win_x64\bin\javaw.exe
0x00007fffe1c00000 - 0x00007fffe1de1000 	C:\WINDOWS\SYSTEM32\ntdll.dll
0x00007fffdf1c0000 - 0x00007fffdf271000 	C:\WINDOWS\System32\KERNEL32.DLL
0x00007fffde6e0000 - 0x00007fffde953000 	C:\WINDOWS\System32\KERNELBASE.dll
0x00007fffdf750000 - 0x00007fffdf7f1000 	C:\WINDOWS\System32\ADVAPI32.dll
0x00007fffdf300000 - 0x00007fffdf39e000 	C:\WINDOWS\System32\msvcrt.dll
0x00007fffdf520000 - 0x00007fffdf57b000 	C:\WINDOWS\System32\sechost.dll
0x00007fffdf090000 - 0x00007fffdf1b4000 	C:\WINDOWS\System32\RPCRT4.dll
0x00007fffdf890000 - 0x00007fffdfa20000 	C:\WINDOWS\System32\USER32.dll
0x00007fffdefa0000 - 0x00007fffdefc0000 	C:\WINDOWS\System32\win32u.dll
0x00007fffe15a0000 - 0x00007fffe15c8000 	C:\WINDOWS\System32\GDI32.dll
0x00007fffdeb60000 - 0x00007fffdecf2000 	C:\WINDOWS\System32\gdi32full.dll
0x00007fffde9c0000 - 0x00007fffdea5f000 	C:\WINDOWS\System32\msvcp_win.dll
0x00007fffdea60000 - 0x00007fffdeb58000 	C:\WINDOWS\System32\ucrtbase.dll
0x00007fffd0930000 - 0x00007fffd0b99000 	C:\WINDOWS\WinSxS\amd64_microsoft.windows.common-controls_6595b64144ccf1df_6.0.17134.706_none_fb43a2cb30647007\COMCTL32.dll
0x00007fffe1260000 - 0x00007fffe1582000 	C:\WINDOWS\System32\combase.dll
0x00007fffdf010000 - 0x00007fffdf08a000 	C:\WINDOWS\System32\bcryptPrimitives.dll
0x00007fffdf860000 - 0x00007fffdf88d000 	C:\WINDOWS\System32\IMM32.DLL
0x0000000074b80000 - 0x0000000074c52000 	D:\paycoms\javavm\zulu-jdk8.0.202-win_x64\zulu8.36.0.1-ca-jdk8.0.202-win_x64\jre\bin\msvcr100.dll
0x00000000742d0000 - 0x0000000074b7a000 	D:\paycoms\javavm\zulu-jdk8.0.202-win_x64\zulu8.36.0.1-ca-jdk8.0.202-win_x64\jre\bin\server\jvm.dll
0x00007fffdfaf0000 - 0x00007fffdfaf8000 	C:\WINDOWS\System32\PSAPI.DLL
0x00007fffdcb50000 - 0x00007fffdcb5a000 	C:\WINDOWS\SYSTEM32\VERSION.dll
0x00007fffdac10000 - 0x00007fffdac33000 	C:\WINDOWS\SYSTEM32\WINMM.dll
0x00007fffb6480000 - 0x00007fffb6489000 	C:\WINDOWS\SYSTEM32\WSOCK32.dll
0x00007fffdfdb0000 - 0x00007fffdfe1c000 	C:\WINDOWS\System32\WS2_32.dll
0x00007fffdabe0000 - 0x00007fffdac0a000 	C:\WINDOWS\SYSTEM32\WINMMBASE.dll
0x00007fffdefc0000 - 0x00007fffdf009000 	C:\WINDOWS\System32\cfgmgr32.dll
0x00007fffd6de0000 - 0x00007fffd6def000 	D:\paycoms\javavm\zulu-jdk8.0.202-win_x64\zulu8.36.0.1-ca-jdk8.0.202-win_x64\jre\bin\verify.dll
0x00007fffcdd00000 - 0x00007fffcdd29000 	D:\paycoms\javavm\zulu-jdk8.0.202-win_x64\zulu8.36.0.1-ca-jdk8.0.202-win_x64\jre\bin\java.dll
0x00007fffd6f80000 - 0x00007fffd6fb5000 	D:\paycoms\javavm\zulu-jdk8.0.202-win_x64\zulu8.36.0.1-ca-jdk8.0.202-win_x64\jre\bin\jdwp.dll
0x00007fffdaa40000 - 0x00007fffdaa48000 	D:\paycoms\javavm\zulu-jdk8.0.202-win_x64\zulu8.36.0.1-ca-jdk8.0.202-win_x64\jre\bin\npt.dll
0x00007fffba370000 - 0x00007fffba393000 	D:\paycoms\javavm\zulu-jdk8.0.202-win_x64\zulu8.36.0.1-ca-jdk8.0.202-win_x64\jre\bin\instrument.dll
0x00007fffcdd80000 - 0x00007fffcdd96000 	D:\paycoms\javavm\zulu-jdk8.0.202-win_x64\zulu8.36.0.1-ca-jdk8.0.202-win_x64\jre\bin\zip.dll

VM Arguments:
jvm_args: -agentlib:jdwp=transport=dt_socket,suspend=y,address=localhost:57018 -ea -javaagent:D:\sts_4.1.2.RELEASE\sts-4.1.2.RELEASE\configuration\org.eclipse.osgi\240\0\.cp\lib\javaagent-shaded.jar -Dfile.encoding=UTF-8 
java_command: org.eclipse.jdt.internal.junit.runner.RemoteTestRunner -version 3 -port 57017 -testLoaderClass org.eclipse.jdt.internal.junit4.runner.JUnit4TestLoader -loaderpluginname org.eclipse.jdt.junit4.runtime -test com.sup2is.allaboutmise.model.JsonResultTest:testJsonResult_withException
java_class_path (initial): D:\git-workspace\allaboutmise\target\test-classes;D:\git-workspace\allaboutmise\target\classes;C:\Users\CHS\.m2\repository\org\springframework\boot\spring-boot-starter-web\2.1.4.RELEASE\spring-boot-starter-web-2.1.4.RELEASE.jar;C:\Users\CHS\.m2\repository\org\springframework\boot\spring-boot-starter\2.1.4.RELEASE\spring-boot-starter-2.1.4.RELEASE.jar;C:\Users\CHS\.m2\repository\org\springframework\boot\spring-boot\2.1.4.RELEASE\spring-boot-2.1.4.RELEASE.jar;C:\Users\CHS\.m2\repository\org\springframework\boot\spring-boot-autoconfigure\2.1.4.RELEASE\spring-boot-autoconfigure-2.1.4.RELEASE.jar;C:\Users\CHS\.m2\repository\org\springframework\boot\spring-boot-starter-logging\2.1.4.RELEASE\spring-boot-starter-logging-2.1.4.RELEASE.jar;C:\Users\CHS\.m2\repository\ch\qos\logback\logback-classic\1.2.3\logback-classic-1.2.3.jar;C:\Users\CHS\.m2\repository\ch\qos\logback\logback-core\1.2.3\logback-core-1.2.3.jar;C:\Users\CHS\.m2\repository\org\apache\logging\log4j\log4j-to-slf4j\2.11.2\log4j-to-slf4j-2.11.2.jar;C:\Users\CHS\.m2\repository\org\apache\logging\log4j\log4j-api\2.11.2\log4j-api-2.11.2.jar;C:\Users\CHS\.m2\repository\org\slf4j\jul-to-slf4j\1.7.26\jul-to-slf4j-1.7.26.jar;C:\Users\CHS\.m2\repository\javax\annotation\javax.annotation-api\1.3.2\javax.annotation-api-1.3.2.jar;C:\Users\CHS\.m2\repository\org\yaml\snakeyaml\1.23\snakeyaml-1.23.jar;C:\Users\CHS\.m2\repository\org\springframework\boot\spring-boot-starter-json\2.1.4.RELEASE\spring-boot-starter-json-2.1.4.RELEASE.jar;C:\Users\CHS\.m2\repository\com\fasterxml\jackson\core\jackson-databind\2.9.8\jackson-databind-2.9.8.jar;C:\Users\CHS\.m2\repository\com\fasterxml\jackson\core\jackson-annotations\2.9.0\jackson-annotations-2.9.0.jar;C:\Users\CHS\.m2\repository\com\fasterxml\jackson\core\jackson-core\2.9.8\jackson-core-2.9.8.jar;C:\Users\CHS\.m2\repository\com\fasterxml\jackson\datatype\jackson-datatype-jdk8\2.9.8\jackson-datatype-jdk8-2.9.8.jar;C:\Users\CHS\.m2\repository\com\fasterxm
Launcher Type: SUN_STANDARD

Environment Variables:
JAVA_HOME=D:\paycoms\javavm\zulu-jdk8.0.202-win_x64\zulu8.36.0.1-ca-jdk8.0.202-win_x64\bin
JRE_HOME=D:\paycoms\javavm\zulu-jdk8.0.202-win_x64\zulu8.36.0.1-ca-jdk8.0.202-win_x64\jre\bin
PATH=D:/paycoms/javavm/zulu-jdk8.0.202-win_x64/zulu8.36.0.1-ca-jdk8.0.202-win_x64/bin/../jre/bin/server;D:/paycoms/javavm/zulu-jdk8.0.202-win_x64/zulu8.36.0.1-ca-jdk8.0.202-win_x64/bin/../jre/bin;D:/paycoms/javavm/zulu-jdk8.0.202-win_x64/zulu8.36.0.1-ca-jdk8.0.202-win_x64/bin/../jre/lib/amd64;D:\paycoms\javavm\zulu-jdk8.0.202-win_x64\zulu8.36.0.1-ca-jdk8.0.202-win_x64\bin;D:\paycoms\javavm\zulu-jdk8.0.202-win_x64\zulu8.36.0.1-ca-jdk8.0.202-win_x64\jre\bin;C:\WINDOWS\system32;C:\WINDOWS;C:\WINDOWS\System32\Wbem;C:\WINDOWS\System32\WindowsPowerShell\v1.0\;C:\Program Files (x86)\ATI Technologies\ATI.ACE\Core-Static;C:\Program Files\TortoiseSVN\bin;D:\paycoms\oracle-instantclient\instantclient_11_2;C:\Program Files\SlikSvn\bin;D:\Git\cmd;C:\WINDOWS\System32\OpenSSH\;D:\paycoms\apache-maven-3.6.1-bin\apache-maven-3.6.1\bin;D:\node.js;C:\Users\CHS\AppData\Local\Microsoft\WindowsApps;C:\Users\CHS\AppData\Roaming\npm;D:\sts_4.1.2.RELEASE\sts-4.1.2.RELEASE;
USERNAME=CHS
OS=Windows_NT
PROCESSOR_IDENTIFIER=Intel64 Family 6 Model 60 Stepping 3, GenuineIntel



---------------  S Y S T E M  ---------------

OS: Windows 10.0 , 64 bit Build 17134 (10.0.17134.706)

CPU:total 8 (initial active 8) (4 cores per cpu, 2 threads per core) family 6 model 60 stepping 3, cmov, cx8, fxsr, mmx, sse, sse2, sse3, ssse3, sse4.1, sse4.2, popcnt, avx, avx2, aes, clmul, erms, lzcnt, ht, tsc, tscinvbit, bmi1, bmi2

Memory: 4k page, physical 33489860k(23467660k free), swap 48097344k(6952k free)

vm_info: OpenJDK 64-Bit Server VM (25.202-b05) for windows-amd64 JRE (Zulu 8.36.0.1-CA-win64) (1.8.0_202-b05), built on Jan 29 2019 06:24:43 by "tester" with MS VC++ 10.0 (VS2010)

time: Mon Apr 29 09:19:18 2019
timezone: 대한민국 표준시
elapsed time: 0 seconds (0d 0h 0m 0s)

