#
# A fatal error has been detected by the Java Runtime Environment:
#
#  Internal Error (javaCalls.cpp:51), pid=10432, tid=0x0000000000003c14
#  guarantee(thread->is_Java_thread()) failed: crucial check - the VM thread cannot and must not escape to Java code
#
# JRE version: OpenJDK Runtime Environment (Zulu 8.36.0.1-CA-win64) (8.0_202-b05) (build 1.8.0_202-b05)
# Java VM: OpenJDK 64-Bit Server VM (25.202-b05 mixed mode windows-amd64 compressed oops)
# Failed to write core dump. Minidumps are not enabled by default on client versions of Windows
#
# If you would like to submit a bug report, please visit:
#   http://www.azulsystems.com/support/
#

---------------  T H R E A D  ---------------

Current thread (0x0000000025a98800):  VMThread [stack: 0x0000000027780000,0x0000000027880000] [id=15380]

Stack: [0x0000000027780000,0x0000000027880000]
[error occurred during error reporting (printing stack bounds), id 0xc0000005]

Native frames: (J=compiled Java code, j=interpreted, Vv=VM code, C=native code)

VM_Operation (0x000000002820f6d0): GetOrSetLocal, mode: safepoint, requested by thread 0x000000002791f000


---------------  P R O C E S S  ---------------

Java Threads: ( => current thread )
  0x000000002d4f8800 JavaThread "JMX server connection timeout 25" daemon [_thread_blocked, id=18192, stack(0x0000000037440000,0x0000000037540000)]
  0x0000000028c6f800 JavaThread "RMI Scheduler(0)" daemon [_thread_blocked, id=16348, stack(0x0000000037340000,0x0000000037440000)]
  0x0000000036540800 JavaThread "RMI TCP Connection(idle)" daemon [_thread_blocked, id=13392, stack(0x0000000037240000,0x0000000037340000)]
  0x000000002e1f0000 JavaThread "RMI TCP Accept-0" daemon [_thread_in_native, id=25652, stack(0x0000000034900000,0x0000000034a00000)]
  0x0000000029b4c800 JavaThread "Statistics Thread-__DEFAULT__-1" daemon [_thread_blocked, id=10912, stack(0x000000002f920000,0x000000002fa20000)]
  0x000000002a4c0800 JavaThread "__DEFAULT__" daemon [_thread_blocked, id=26204, stack(0x000000002f820000,0x000000002f920000)]
  0x0000000028d60000 JavaThread "ReaderThread" [_thread_in_native, id=11224, stack(0x0000000029310000,0x0000000029410000)]
  0x0000000027b75800 JavaThread "Service Thread" daemon [_thread_blocked, id=6820, stack(0x0000000028810000,0x0000000028910000)]
  0x0000000027b6e800 JavaThread "C1 CompilerThread3" daemon [_thread_blocked, id=26184, stack(0x0000000028710000,0x0000000028810000)]
  0x0000000027b6e000 JavaThread "C2 CompilerThread2" daemon [_thread_blocked, id=8180, stack(0x0000000028610000,0x0000000028710000)]
  0x0000000027b6d000 JavaThread "C2 CompilerThread1" daemon [_thread_blocked, id=20932, stack(0x0000000028510000,0x0000000028610000)]
  0x0000000027b68000 JavaThread "C2 CompilerThread0" daemon [_thread_blocked, id=24436, stack(0x0000000028410000,0x0000000028510000)]
  0x000000002792e800 JavaThread "JDWP Command Reader" daemon [_thread_in_native, id=18864, stack(0x0000000028310000,0x0000000028410000)]
  0x000000002792b000 JavaThread "JDWP Event Helper Thread" daemon [_thread_blocked, id=19640, stack(0x0000000028210000,0x0000000028310000)]
  0x000000002791f000 JavaThread "JDWP Transport Listener: dt_socket" daemon [_thread_blocked, id=27552, stack(0x0000000028110000,0x0000000028210000)]
  0x0000000027913800 JavaThread "Attach Listener" daemon [_thread_blocked, id=16880, stack(0x0000000028010000,0x0000000028110000)]
  0x00000000278bc800 JavaThread "Signal Dispatcher" daemon [_thread_blocked, id=21448, stack(0x0000000027f10000,0x0000000028010000)]
  0x00000000278a0800 JavaThread "Finalizer" daemon [_thread_blocked, id=1648, stack(0x0000000027d80000,0x0000000027e80000)]
  0x0000000025a9c800 JavaThread "Reference Handler" daemon [_thread_blocked, id=6316, stack(0x0000000027c80000,0x0000000027d80000)]
  0x00000000029b5800 JavaThread "main" [_thread_blocked, id=10236, stack(0x0000000002390000,0x0000000002490000)]

Other Threads:
=>0x0000000025a98800 VMThread [stack: 0x0000000027780000,0x0000000027880000] [id=15380]
  0x0000000027bb9000 WatcherThread [stack: 0x0000000028910000,0x0000000028a10000] [id=23644]

VM state:at safepoint (normal execution)

VM Mutex/Monitor currently owned by a thread:  ([mutex/lock_event])
[0x00000000029b34d0] Threads_lock - owner thread: 0x0000000025a98800

heap address: 0x00000005c0e00000, size: 8178 MB, Compressed Oops mode: Zero based, Oop shift amount: 3
Narrow klass base: 0x0000000000000000, Narrow klass shift: 3
Compressed class space size: 1073741824 Address: 0x00000007c0000000

Heap:
 PSYoungGen      total 220160K, used 131736K [0x0000000715a00000, 0x0000000729f80000, 0x00000007c0000000)
  eden space 198656K, 66% used [0x0000000715a00000,0x000000071daa6280,0x0000000721c00000)
  from space 21504K, 0% used [0x0000000721c00000,0x0000000721c00000,0x0000000723100000)
  to   space 10240K, 0% used [0x0000000729580000,0x0000000729580000,0x0000000729f80000)
 ParOldGen       total 294912K, used 13849K [0x00000005c0e00000, 0x00000005d2e00000, 0x0000000715a00000)
  object space 294912K, 4% used [0x00000005c0e00000,0x00000005c1b86730,0x00000005d2e00000)
 Metaspace       used 38901K, capacity 40608K, committed 40704K, reserved 1085440K
  class space    used 5060K, capacity 5364K, committed 5376K, reserved 1048576K

Card table byte_map: [0x0000000011e70000,0x0000000012e70000] byte_map_base: 0x000000000f069000

Marking Bits: (ParMarkBitMap*) 0x0000000059e19630
 Begin Bits: [0x0000000014120000, 0x000000001c0e8000)
 End Bits:   [0x000000001c0e8000, 0x00000000240b0000)

Polling page: 0x00000000022d0000

CodeCache: size=245760Kb used=14324Kb max_used=16776Kb free=231435Kb
 bounds [0x0000000002ab0000, 0x0000000003bb0000, 0x0000000011ab0000]
 total_blobs=3883 nmethods=3431 adapters=371
 compilation: enabled

Compilation events (10 events):
Event: 303.189 Thread 0x0000000027b6e800 nmethod 3983 0x0000000002feacd0 code [0x0000000002feae40, 0x0000000002feb150]
Event: 303.509 Thread 0x0000000027b6e000 nmethod 3980 0x0000000003671e90 code [0x0000000003672920, 0x00000000036848a0]
Event: 305.345 Thread 0x0000000027b6e800 3984       3       java.lang.Thread::interrupted (8 bytes)
Event: 305.345 Thread 0x0000000027b6e800 nmethod 3984 0x00000000034a4a10 code [0x00000000034a4b80, 0x00000000034a4d08]
Event: 305.621 Thread 0x0000000027b6e800 3985       3       java.net.NetworkInterface::<init> (15 bytes)
Event: 305.621 Thread 0x0000000027b6e800 nmethod 3985 0x0000000002dcd290 code [0x0000000002dcd3e0, 0x0000000002dcd5b0]
Event: 305.621 Thread 0x0000000027b6e800 3986       3       java.io.ObjectInputStream$PeekInputStream::read (47 bytes)
Event: 305.621 Thread 0x0000000027b6e800 nmethod 3986 0x0000000002e44310 code [0x0000000002e44480, 0x0000000002e44768]
Event: 305.622 Thread 0x0000000027b6e800 3987       3       sun.rmi.runtime.Log$LoggerLog::isLoggable (9 bytes)
Event: 305.622 Thread 0x0000000027b6e800 nmethod 3987 0x0000000002fd8cd0 code [0x0000000002fd8e40, 0x0000000002fd91b0]

GC Heap History (10 events):
Event: 1.868 GC heap before
{Heap before GC invocations=3 (full 1):
 PSYoungGen      total 153088K, used 9006K [0x0000000715a00000, 0x0000000728500000, 0x00000007c0000000)
  eden space 131584K, 0% used [0x0000000715a00000,0x0000000715a00000,0x000000071da80000)
  from space 21504K, 41% used [0x000000071ef80000,0x000000071f84bb30,0x0000000720480000)
  to   space 21504K, 0% used [0x000000071da80000,0x000000071da80000,0x000000071ef80000)
 ParOldGen       total 349696K, used 32K [0x00000005c0e00000, 0x00000005d6380000, 0x0000000715a00000)
  object space 349696K, 0% used [0x00000005c0e00000,0x00000005c0e08000,0x00000005d6380000)
 Metaspace       used 20630K, capacity 21134K, committed 21248K, reserved 1067008K
  class space    used 2579K, capacity 2727K, committed 2816K, reserved 1048576K
Event: 1.896 GC heap after
Heap after GC invocations=3 (full 1):
 PSYoungGen      total 153088K, used 0K [0x0000000715a00000, 0x0000000728500000, 0x00000007c0000000)
  eden space 131584K, 0% used [0x0000000715a00000,0x0000000715a00000,0x000000071da80000)
  from space 21504K, 0% used [0x000000071ef80000,0x000000071ef80000,0x0000000720480000)
  to   space 21504K, 0% used [0x000000071da80000,0x000000071da80000,0x000000071ef80000)
 ParOldGen       total 194560K, used 8671K [0x00000005c0e00000, 0x00000005ccc00000, 0x0000000715a00000)
  object space 194560K, 4% used [0x00000005c0e00000,0x00000005c1677f68,0x00000005ccc00000)
 Metaspace       used 20630K, capacity 21134K, committed 21248K, reserved 1067008K
  class space    used 2579K, capacity 2727K, committed 2816K, reserved 1048576K
}
Event: 2.429 GC heap before
{Heap before GC invocations=4 (full 1):
 PSYoungGen      total 153088K, used 131584K [0x0000000715a00000, 0x0000000728500000, 0x00000007c0000000)
  eden space 131584K, 100% used [0x0000000715a00000,0x000000071da80000,0x000000071da80000)
  from space 21504K, 0% used [0x000000071ef80000,0x000000071ef80000,0x0000000720480000)
  to   space 21504K, 0% used [0x000000071da80000,0x000000071da80000,0x000000071ef80000)
 ParOldGen       total 194560K, used 8671K [0x00000005c0e00000, 0x00000005ccc00000, 0x0000000715a00000)
  object space 194560K, 4% used [0x00000005c0e00000,0x00000005c1677f68,0x00000005ccc00000)
 Metaspace       used 28392K, capacity 29178K, committed 29440K, reserved 1075200K
  class space    used 3549K, capacity 3733K, committed 3840K, reserved 1048576K
Event: 2.435 GC heap after
Heap after GC invocations=4 (full 1):
 PSYoungGen      total 153088K, used 9228K [0x0000000715a00000, 0x0000000724a80000, 0x00000007c0000000)
  eden space 131584K, 0% used [0x0000000715a00000,0x0000000715a00000,0x000000071da80000)
  from space 21504K, 42% used [0x000000071da80000,0x000000071e383280,0x000000071ef80000)
  to   space 21504K, 0% used [0x0000000723580000,0x0000000723580000,0x0000000724a80000)
 ParOldGen       total 194560K, used 8743K [0x00000005c0e00000, 0x00000005ccc00000, 0x0000000715a00000)
  object space 194560K, 4% used [0x00000005c0e00000,0x00000005c1689f78,0x00000005ccc00000)
 Metaspace       used 28392K, capacity 29178K, committed 29440K, reserved 1075200K
  class space    used 3549K, capacity 3733K, committed 3840K, reserved 1048576K
}
Event: 3.595 GC heap before
{Heap before GC invocations=5 (full 1):
 PSYoungGen      total 153088K, used 140812K [0x0000000715a00000, 0x0000000724a80000, 0x00000007c0000000)
  eden space 131584K, 100% used [0x0000000715a00000,0x000000071da80000,0x000000071da80000)
  from space 21504K, 42% used [0x000000071da80000,0x000000071e383280,0x000000071ef80000)
  to   space 21504K, 0% used [0x0000000723580000,0x0000000723580000,0x0000000724a80000)
 ParOldGen       total 194560K, used 8743K [0x00000005c0e00000, 0x00000005ccc00000, 0x0000000715a00000)
  object space 194560K, 4% used [0x00000005c0e00000,0x00000005c1689f78,0x00000005ccc00000)
 Metaspace       used 33422K, capacity 34744K, committed 34944K, reserved 1079296K
  class space    used 4225K, capacity 4470K, committed 4480K, reserved 1048576K
Event: 3.604 GC heap after
Heap after GC invocations=5 (full 1):
 PSYoungGen      total 215552K, used 9923K [0x0000000715a00000, 0x0000000724600000, 0x00000007c0000000)
  eden space 198656K, 0% used [0x0000000715a00000,0x0000000715a00000,0x0000000721c00000)
  from space 16896K, 58% used [0x0000000723580000,0x0000000723f30ea0,0x0000000724600000)
  to   space 21504K, 0% used [0x0000000721c00000,0x0000000721c00000,0x0000000723100000)
 ParOldGen       total 194560K, used 8751K [0x00000005c0e00000, 0x00000005ccc00000, 0x0000000715a00000)
  object space 194560K, 4% used [0x00000005c0e00000,0x00000005c168bf78,0x00000005ccc00000)
 Metaspace       used 33422K, capacity 34744K, committed 34944K, reserved 1079296K
  class space    used 4225K, capacity 4470K, committed 4480K, reserved 1048576K
}
Event: 3.878 GC heap before
{Heap before GC invocations=6 (full 1):
 PSYoungGen      total 215552K, used 55420K [0x0000000715a00000, 0x0000000724600000, 0x00000007c0000000)
  eden space 198656K, 22% used [0x0000000715a00000,0x000000071866e3b8,0x0000000721c00000)
  from space 16896K, 58% used [0x0000000723580000,0x0000000723f30ea0,0x0000000724600000)
  to   space 21504K, 0% used [0x0000000721c00000,0x0000000721c00000,0x0000000723100000)
 ParOldGen       total 194560K, used 8751K [0x00000005c0e00000, 0x00000005ccc00000, 0x0000000715a00000)
  object space 194560K, 4% used [0x00000005c0e00000,0x00000005c168bf78,0x00000005ccc00000)
 Metaspace       used 33989K, capacity 35368K, committed 35416K, reserved 1081344K
  class space    used 4305K, capacity 4582K, committed 4608K, reserved 1048576K
Event: 3.887 GC heap after
Heap after GC invocations=6 (full 1):
 PSYoungGen      total 220160K, used 9099K [0x0000000715a00000, 0x0000000729f80000, 0x00000007c0000000)
  eden space 198656K, 0% used [0x0000000715a00000,0x0000000715a00000,0x0000000721c00000)
  from space 21504K, 42% used [0x0000000721c00000,0x00000007224e2ff8,0x0000000723100000)
  to   space 10240K, 0% used [0x0000000729580000,0x0000000729580000,0x0000000729f80000)
 ParOldGen       total 194560K, used 8759K [0x00000005c0e00000, 0x00000005ccc00000, 0x0000000715a00000)
  object space 194560K, 4% used [0x00000005c0e00000,0x00000005c168df78,0x00000005ccc00000)
 Metaspace       used 33989K, capacity 35368K, committed 35416K, reserved 1081344K
  class space    used 4305K, capacity 4582K, committed 4608K, reserved 1048576K
}
Event: 3.887 GC heap before
{Heap before GC invocations=7 (full 2):
 PSYoungGen      total 220160K, used 9099K [0x0000000715a00000, 0x0000000729f80000, 0x00000007c0000000)
  eden space 198656K, 0% used [0x0000000715a00000,0x0000000715a00000,0x0000000721c00000)
  from space 21504K, 42% used [0x0000000721c00000,0x00000007224e2ff8,0x0000000723100000)
  to   space 10240K, 0% used [0x0000000729580000,0x0000000729580000,0x0000000729f80000)
 ParOldGen       total 194560K, used 8759K [0x00000005c0e00000, 0x00000005ccc00000, 0x0000000715a00000)
  object space 194560K, 4% used [0x00000005c0e00000,0x00000005c168df78,0x00000005ccc00000)
 Metaspace       used 33989K, capacity 35368K, committed 35416K, reserved 1081344K
  class space    used 4305K, capacity 4582K, committed 4608K, reserved 1048576K
Event: 3.935 GC heap after
Heap after GC invocations=7 (full 2):
 PSYoungGen      total 220160K, used 0K [0x0000000715a00000, 0x0000000729f80000, 0x00000007c0000000)
  eden space 198656K, 0% used [0x0000000715a00000,0x0000000715a00000,0x0000000721c00000)
  from space 21504K, 0% used [0x0000000721c00000,0x0000000721c00000,0x0000000723100000)
  to   space 10240K, 0% used [0x0000000729580000,0x0000000729580000,0x0000000729f80000)
 ParOldGen       total 294912K, used 13849K [0x00000005c0e00000, 0x00000005d2e00000, 0x0000000715a00000)
  object space 294912K, 4% used [0x00000005c0e00000,0x00000005c1b86730,0x00000005d2e00000)
 Metaspace       used 33989K, capacity 35368K, committed 35416K, reserved 1081344K
  class space    used 4305K, capacity 4582K, committed 4608K, reserved 1048576K
}

Deoptimization events (10 events):
Event: 5.335 Thread 0x0000000036540800 Uncommon trap: reason=bimorphic action=maybe_recompile pc=0x0000000002fec164 method=java.io.DataOutputStream.writeByte(I)V @ 5
Event: 5.341 Thread 0x0000000036540800 Uncommon trap: reason=bimorphic action=maybe_recompile pc=0x0000000002f0bd14 method=java.io.DataOutputStream.write([BII)V @ 7
Event: 5.343 Thread 0x0000000036540800 Uncommon trap: reason=bimorphic action=maybe_recompile pc=0x0000000002fec164 method=java.io.DataOutputStream.writeByte(I)V @ 5
Event: 5.345 Thread 0x0000000036540800 Uncommon trap: reason=bimorphic action=maybe_recompile pc=0x0000000002fec164 method=java.io.DataOutputStream.writeByte(I)V @ 5
Event: 20.379 Thread 0x0000000036540800 Uncommon trap: reason=array_check action=maybe_recompile pc=0x0000000002e0bb7c method=java.util.AbstractCollection.toArray([Ljava/lang/Object;)[Ljava/lang/Object; @ 119
Event: 20.379 Thread 0x0000000036540800 Uncommon trap: reason=array_check action=maybe_recompile pc=0x0000000002e0bb7c method=java.util.AbstractCollection.toArray([Ljava/lang/Object;)[Ljava/lang/Object; @ 119
Event: 20.379 Thread 0x0000000036540800 Uncommon trap: reason=array_check action=maybe_recompile pc=0x0000000002e0bb7c method=java.util.AbstractCollection.toArray([Ljava/lang/Object;)[Ljava/lang/Object; @ 119
Event: 20.379 Thread 0x0000000036540800 Uncommon trap: reason=array_check action=maybe_recompile pc=0x0000000002e0bb7c method=java.util.AbstractCollection.toArray([Ljava/lang/Object;)[Ljava/lang/Object; @ 119
Event: 303.177 Thread 0x0000000029b4c800 Uncommon trap: reason=unhandled action=none pc=0x00000000036e28a0 method=java.net.URLClassLoader.findClass(Ljava/lang/String;)Ljava/lang/Class; @ 44
Event: 303.181 Thread 0x0000000029b4c800 Uncommon trap: reason=unhandled action=none pc=0x00000000036e28a0 method=java.net.URLClassLoader.findClass(Ljava/lang/String;)Ljava/lang/Class; @ 44

Classes redefined (4 events):
Event: 8.940 Thread 0x0000000025a98800 redefined class name=com.sup2is.allaboutmise.controller.ApiController, count=1
Event: 100.108 Thread 0x0000000025a98800 redefined class name=com.sup2is.allaboutmise.controller.ApiController, count=2
Event: 118.812 Thread 0x0000000025a98800 redefined class name=com.sup2is.allaboutmise.controller.ApiController, count=3
Event: 122.376 Thread 0x0000000025a98800 redefined class name=com.sup2is.allaboutmise.controller.ApiController, count=4

Internal exceptions (10 events):
Event: 20.381 Thread 0x0000000036540800 Exception <a 'java/lang/ClassNotFoundException': org/springframework/context/support/LiveBeansView> (0x000000071d7c5f20) thrown at [C:\jenkins\workspace\zulu8-silver-build-win64\zulu-src\hotspot\src\share\vm\classfile\systemDictionary.cpp, line 208]
Event: 20.381 Thread 0x0000000036540800 Exception <a 'java/lang/ClassNotFoundException': org/springframework/boot/actuate/endpoint/jmx/EndpointMBean> (0x000000071d7c6288) thrown at [C:\jenkins\workspace\zulu8-silver-build-win64\zulu-src\hotspot\src\share\vm\classfile\systemDictionary.cpp, line 
Event: 20.381 Thread 0x0000000036540800 Exception <a 'java/lang/ClassNotFoundException': org/springframework/boot/actuate/endpoint/jmx/DataEndpointMBean> (0x000000071d7c67e0) thrown at [C:\jenkins\workspace\zulu8-silver-build-win64\zulu-src\hotspot\src\share\vm\classfile\systemDictionary.cpp, l
Event: 20.381 Thread 0x0000000036540800 Exception <a 'java/lang/ClassNotFoundException': org/springframework/context/support/LiveBeansView> (0x000000071d7c6d20) thrown at [C:\jenkins\workspace\zulu8-silver-build-win64\zulu-src\hotspot\src\share\vm\classfile\systemDictionary.cpp, line 208]
Event: 20.381 Thread 0x0000000036540800 Exception <a 'java/lang/ClassNotFoundException': org/springframework/boot/actuate/endpoint/jmx/EndpointMBean> (0x000000071d7c7078) thrown at [C:\jenkins\workspace\zulu8-silver-build-win64\zulu-src\hotspot\src\share\vm\classfile\systemDictionary.cpp, line 
Event: 20.381 Thread 0x0000000036540800 Exception <a 'java/lang/ClassNotFoundException': org/springframework/boot/actuate/endpoint/jmx/DataEndpointMBean> (0x000000071d7c75c0) thrown at [C:\jenkins\workspace\zulu8-silver-build-win64\zulu-src\hotspot\src\share\vm\classfile\systemDictionary.cpp, l
Event: 20.381 Thread 0x0000000036540800 Exception <a 'java/lang/ClassNotFoundException': org/springframework/context/support/LiveBeansView> (0x000000071d7c7af0) thrown at [C:\jenkins\workspace\zulu8-silver-build-win64\zulu-src\hotspot\src\share\vm\classfile\systemDictionary.cpp, line 208]
Event: 20.381 Thread 0x0000000036540800 Exception <a 'java/lang/ClassNotFoundException': org/springframework/boot/actuate/endpoint/jmx/EndpointMBean> (0x000000071d7c7e40) thrown at [C:\jenkins\workspace\zulu8-silver-build-win64\zulu-src\hotspot\src\share\vm\classfile\systemDictionary.cpp, line 
Event: 20.381 Thread 0x0000000036540800 Exception <a 'java/lang/ClassNotFoundException': org/springframework/boot/actuate/endpoint/jmx/DataEndpointMBean> (0x000000071d7c8380) thrown at [C:\jenkins\workspace\zulu8-silver-build-win64\zulu-src\hotspot\src\share\vm\classfile\systemDictionary.cpp, l
Event: 20.381 Thread 0x0000000036540800 Exception <a 'java/lang/ClassNotFoundException': org/springframework/context/support/LiveBeansView> (0x000000071d7c88a8) thrown at [C:\jenkins\workspace\zulu8-silver-build-win64\zulu-src\hotspot\src\share\vm\classfile\systemDictionary.cpp, line 208]

Events (10 events):
Event: 303.181 Thread 0x0000000029b4c800 DEOPT PACKING pc=0x00000000036e28a0 sp=0x000000002fa1bd10
Event: 303.181 Thread 0x0000000029b4c800 DEOPT UNPACKING pc=0x0000000002af557b sp=0x000000002fa1bcb8 mode 2
Event: 303.185 loading class java/util/EnumMap$Values
Event: 303.185 loading class java/util/EnumMap$Values done
Event: 303.185 loading class java/util/EnumMap$ValueIterator
Event: 303.186 loading class java/util/EnumMap$ValueIterator done
Event: 303.189 Thread 0x0000000027b6e800 flushing nmethod 0x0000000002e76490
Event: 305.336 Executing VM operation: RevokeBias
Event: 305.336 Executing VM operation: RevokeBias done
Event: 351.144 Executing VM operation: GetOrSetLocal


Dynamic libraries:
0x00007ff665a20000 - 0x00007ff665a55000 	D:\paycoms\javavm\zulu-jdk8.0.202-win_x64\zulu8.36.0.1-ca-jdk8.0.202-win_x64\bin\javaw.exe
0x00007ffff05d0000 - 0x00007ffff07b1000 	C:\WINDOWS\SYSTEM32\ntdll.dll
0x00007ffff0000000 - 0x00007ffff00b1000 	C:\WINDOWS\System32\KERNEL32.DLL
0x00007fffecf50000 - 0x00007fffed1c3000 	C:\WINDOWS\System32\KERNELBASE.dll
0x00007fffedda0000 - 0x00007fffede41000 	C:\WINDOWS\System32\ADVAPI32.dll
0x00007fffef2a0000 - 0x00007fffef33e000 	C:\WINDOWS\System32\msvcrt.dll
0x00007fffef9a0000 - 0x00007fffef9fb000 	C:\WINDOWS\System32\sechost.dll
0x00007fffef790000 - 0x00007fffef8b4000 	C:\WINDOWS\System32\RPCRT4.dll
0x00007fffeda60000 - 0x00007fffedbf0000 	C:\WINDOWS\System32\USER32.dll
0x00007fffecc40000 - 0x00007fffecc60000 	C:\WINDOWS\System32\win32u.dll
0x00007fffedbf0000 - 0x00007fffedc18000 	C:\WINDOWS\System32\GDI32.dll
0x00007fffecdb0000 - 0x00007fffecf42000 	C:\WINDOWS\System32\gdi32full.dll
0x00007fffed9c0000 - 0x00007fffeda5f000 	C:\WINDOWS\System32\msvcp_win.dll
0x00007fffeccb0000 - 0x00007fffecda8000 	C:\WINDOWS\System32\ucrtbase.dll
0x00007fffdf0c0000 - 0x00007fffdf329000 	C:\WINDOWS\WinSxS\amd64_microsoft.windows.common-controls_6595b64144ccf1df_6.0.17134.706_none_fb43a2cb30647007\COMCTL32.dll
0x00007fffefa00000 - 0x00007fffefd22000 	C:\WINDOWS\System32\combase.dll
0x00007fffed940000 - 0x00007fffed9ba000 	C:\WINDOWS\System32\bcryptPrimitives.dll
0x00007fffefd50000 - 0x00007fffefd7d000 	C:\WINDOWS\System32\IMM32.DLL
0x00000000594f0000 - 0x00000000595c2000 	D:\paycoms\javavm\zulu-jdk8.0.202-win_x64\zulu8.36.0.1-ca-jdk8.0.202-win_x64\jre\bin\msvcr100.dll
0x00000000595f0000 - 0x0000000059e9a000 	D:\paycoms\javavm\zulu-jdk8.0.202-win_x64\zulu8.36.0.1-ca-jdk8.0.202-win_x64\jre\bin\server\jvm.dll
0x00007fffef990000 - 0x00007fffef998000 	C:\WINDOWS\System32\PSAPI.DLL
0x00007fffe8f60000 - 0x00007fffe8f83000 	C:\WINDOWS\SYSTEM32\WINMM.dll
0x00007fffe4bc0000 - 0x00007fffe4bc9000 	C:\WINDOWS\SYSTEM32\WSOCK32.dll
0x00007fffef8c0000 - 0x00007fffef92c000 	C:\WINDOWS\System32\WS2_32.dll
0x00007fffeb510000 - 0x00007fffeb51a000 	C:\WINDOWS\SYSTEM32\VERSION.dll
0x00007fffe8d60000 - 0x00007fffe8d8a000 	C:\WINDOWS\SYSTEM32\WINMMBASE.dll
0x00007fffecc60000 - 0x00007fffecca9000 	C:\WINDOWS\System32\cfgmgr32.dll
0x00007fffe21c0000 - 0x00007fffe21cf000 	D:\paycoms\javavm\zulu-jdk8.0.202-win_x64\zulu8.36.0.1-ca-jdk8.0.202-win_x64\jre\bin\verify.dll
0x00007fffd98a0000 - 0x00007fffd98c9000 	D:\paycoms\javavm\zulu-jdk8.0.202-win_x64\zulu8.36.0.1-ca-jdk8.0.202-win_x64\jre\bin\java.dll
0x00007fffe1230000 - 0x00007fffe1265000 	D:\paycoms\javavm\zulu-jdk8.0.202-win_x64\zulu8.36.0.1-ca-jdk8.0.202-win_x64\jre\bin\jdwp.dll
0x00007fffea0f0000 - 0x00007fffea0f8000 	D:\paycoms\javavm\zulu-jdk8.0.202-win_x64\zulu8.36.0.1-ca-jdk8.0.202-win_x64\jre\bin\npt.dll
0x00007fffd96c0000 - 0x00007fffd96e3000 	D:\paycoms\javavm\zulu-jdk8.0.202-win_x64\zulu8.36.0.1-ca-jdk8.0.202-win_x64\jre\bin\instrument.dll
0x00007fffdf3e0000 - 0x00007fffdf3f6000 	D:\paycoms\javavm\zulu-jdk8.0.202-win_x64\zulu8.36.0.1-ca-jdk8.0.202-win_x64\jre\bin\zip.dll
0x00007fffede60000 - 0x00007fffef2a0000 	C:\WINDOWS\System32\SHELL32.dll
0x00007fffedc20000 - 0x00007fffedcc9000 	C:\WINDOWS\System32\shcore.dll
0x00007fffed230000 - 0x00007fffed93d000 	C:\WINDOWS\System32\windows.storage.dll
0x00007fffeff00000 - 0x00007fffeff51000 	C:\WINDOWS\System32\shlwapi.dll
0x00007fffec980000 - 0x00007fffec991000 	C:\WINDOWS\System32\kernel.appcore.dll
0x00007fffec960000 - 0x00007fffec97f000 	C:\WINDOWS\System32\profapi.dll
0x00007fffec8f0000 - 0x00007fffec93c000 	C:\WINDOWS\System32\powrprof.dll
0x00007fffec8e0000 - 0x00007fffec8ea000 	C:\WINDOWS\System32\FLTLIB.DLL
0x00007fffe74b0000 - 0x00007fffe74b9000 	D:\paycoms\javavm\zulu-jdk8.0.202-win_x64\zulu8.36.0.1-ca-jdk8.0.202-win_x64\jre\bin\dt_socket.dll
0x00007fffc0b80000 - 0x00007fffc0b96000 	C:\WINDOWS\system32\napinsp.dll
0x00007fffbc910000 - 0x00007fffbc92a000 	C:\WINDOWS\system32\pnrpnsp.dll
0x00007fffe9280000 - 0x00007fffe9299000 	C:\WINDOWS\system32\NLAapi.dll
0x00007fffec160000 - 0x00007fffec1c6000 	C:\WINDOWS\System32\mswsock.dll
0x00007fffebf20000 - 0x00007fffebfde000 	C:\WINDOWS\SYSTEM32\DNSAPI.dll
0x00007ffff0210000 - 0x00007ffff0218000 	C:\WINDOWS\System32\NSI.dll
0x00007fffebee0000 - 0x00007fffebf18000 	C:\WINDOWS\SYSTEM32\IPHLPAPI.DLL
0x00007fffe89e0000 - 0x00007fffe89ee000 	C:\WINDOWS\System32\winrnr.dll
0x00007fffe4940000 - 0x00007fffe49b2000 	C:\WINDOWS\System32\fwpuclnt.dll
0x00007fffec440000 - 0x00007fffec465000 	C:\WINDOWS\SYSTEM32\bcrypt.dll
0x00007fffe4930000 - 0x00007fffe493a000 	C:\Windows\System32\rasadhlp.dll
0x00007fffdb480000 - 0x00007fffdb49a000 	D:\paycoms\javavm\zulu-jdk8.0.202-win_x64\zulu8.36.0.1-ca-jdk8.0.202-win_x64\jre\bin\net.dll
0x00007fffe4070000 - 0x00007fffe4238000 	C:\WINDOWS\SYSTEM32\urlmon.dll
0x00007fffe2e00000 - 0x00007fffe30a6000 	C:\WINDOWS\SYSTEM32\iertutil.dll
0x00007fffec330000 - 0x00007fffec33b000 	C:\WINDOWS\SYSTEM32\CRYPTBASE.DLL
0x00007fffea000000 - 0x00007fffea011000 	D:\paycoms\javavm\zulu-jdk8.0.202-win_x64\zulu8.36.0.1-ca-jdk8.0.202-win_x64\jre\bin\nio.dll
0x00007fffe2440000 - 0x00007fffe244d000 	D:\paycoms\javavm\zulu-jdk8.0.202-win_x64\zulu8.36.0.1-ca-jdk8.0.202-win_x64\jre\bin\management.dll
0x00007fffec310000 - 0x00007fffec327000 	C:\WINDOWS\SYSTEM32\CRYPTSP.dll
0x00007fffebd40000 - 0x00007fffebd73000 	C:\WINDOWS\system32\rsaenh.dll
0x00007fffec7e0000 - 0x00007fffec808000 	C:\WINDOWS\SYSTEM32\USERENV.dll
0x00007fffe77e0000 - 0x00007fffe77f6000 	C:\WINDOWS\SYSTEM32\dhcpcsvc6.DLL
0x00007fffe7770000 - 0x00007fffe778a000 	C:\WINDOWS\SYSTEM32\dhcpcsvc.DLL

VM Arguments:
jvm_args: -agentlib:jdwp=transport=dt_socket,suspend=y,address=localhost:57890 -ea -javaagent:D:\sts_4.1.2.RELEASE\sts-4.1.2.RELEASE\configuration\org.eclipse.osgi\240\0\.cp\lib\javaagent-shaded.jar -Dfile.encoding=UTF-8 
java_command: org.eclipse.jdt.internal.junit.runner.RemoteTestRunner -version 3 -port 57889 -testLoaderClass org.eclipse.jdt.internal.junit4.runner.JUnit4TestLoader -loaderpluginname org.eclipse.jdt.junit4.runtime -test com.sup2is.allaboutmise.controller.ApiControllerTest:testRealtimeMise
java_class_path (initial): D:\git-workspace\allaboutmise\target\test-classes;D:\git-workspace\allaboutmise\target\classes;C:\Users\CHS\.m2\repository\org\springframework\boot\spring-boot-starter-test\2.1.4.RELEASE\spring-boot-starter-test-2.1.4.RELEASE.jar;C:\Users\CHS\.m2\repository\org\springframework\boot\spring-boot-test\2.1.4.RELEASE\spring-boot-test-2.1.4.RELEASE.jar;C:\Users\CHS\.m2\repository\org\springframework\boot\spring-boot-test-autoconfigure\2.1.4.RELEASE\spring-boot-test-autoconfigure-2.1.4.RELEASE.jar;C:\Users\CHS\.m2\repository\com\jayway\jsonpath\json-path\2.4.0\json-path-2.4.0.jar;C:\Users\CHS\.m2\repository\net\minidev\json-smart\2.3\json-smart-2.3.jar;C:\Users\CHS\.m2\repository\net\minidev\accessors-smart\1.2\accessors-smart-1.2.jar;C:\Users\CHS\.m2\repository\org\ow2\asm\asm\5.0.4\asm-5.0.4.jar;C:\Users\CHS\.m2\repository\junit\junit\4.12\junit-4.12.jar;C:\Users\CHS\.m2\repository\org\assertj\assertj-core\3.11.1\assertj-core-3.11.1.jar;C:\Users\CHS\.m2\repository\org\mockito\mockito-core\2.23.4\mockito-core-2.23.4.jar;C:\Users\CHS\.m2\repository\net\bytebuddy\byte-buddy\1.9.12\byte-buddy-1.9.12.jar;C:\Users\CHS\.m2\repository\net\bytebuddy\byte-buddy-agent\1.9.12\byte-buddy-agent-1.9.12.jar;C:\Users\CHS\.m2\repository\org\objenesis\objenesis\2.6\objenesis-2.6.jar;C:\Users\CHS\.m2\repository\org\hamcrest\hamcrest-core\1.3\hamcrest-core-1.3.jar;C:\Users\CHS\.m2\repository\org\hamcrest\hamcrest-library\1.3\hamcrest-library-1.3.jar;C:\Users\CHS\.m2\repository\org\skyscreamer\jsonassert\1.5.0\jsonassert-1.5.0.jar;C:\Users\CHS\.m2\repository\com\vaadin\external\google\android-json\0.0.20131108.vaadin1\android-json-0.0.20131108.vaadin1.jar;C:\Users\CHS\.m2\repository\org\springframework\spring-core\5.1.6.RELEASE\spring-core-5.1.6.RELEASE.jar;C:\Users\CHS\.m2\repository\org\springframework\spring-jcl\5.1.6.RELEASE\spring-jcl-5.1.6.RELEASE.jar;C:\Users\CHS\.m2\repository\org\springframework\spring-test\5.1.6.RELEASE\spring-test-5.1.6.RELEASE.jar;C:\U
Launcher Type: SUN_STANDARD

Environment Variables:
JAVA_HOME=D:\paycoms\javavm\zulu-jdk8.0.202-win_x64\zulu8.36.0.1-ca-jdk8.0.202-win_x64\bin
JRE_HOME=D:\paycoms\javavm\zulu-jdk8.0.202-win_x64\zulu8.36.0.1-ca-jdk8.0.202-win_x64\jre\bin
PATH=D:/paycoms/javavm/zulu-jdk8.0.202-win_x64/zulu8.36.0.1-ca-jdk8.0.202-win_x64/bin/../jre/bin/server;D:/paycoms/javavm/zulu-jdk8.0.202-win_x64/zulu8.36.0.1-ca-jdk8.0.202-win_x64/bin/../jre/bin;D:/paycoms/javavm/zulu-jdk8.0.202-win_x64/zulu8.36.0.1-ca-jdk8.0.202-win_x64/bin/../jre/lib/amd64;D:\paycoms\javavm\zulu-jdk8.0.202-win_x64\zulu8.36.0.1-ca-jdk8.0.202-win_x64\bin;D:\paycoms\javavm\zulu-jdk8.0.202-win_x64\zulu8.36.0.1-ca-jdk8.0.202-win_x64\jre\bin;C:\WINDOWS\system32;C:\WINDOWS;C:\WINDOWS\System32\Wbem;C:\WINDOWS\System32\WindowsPowerShell\v1.0\;C:\Program Files (x86)\ATI Technologies\ATI.ACE\Core-Static;C:\Program Files\TortoiseSVN\bin;D:\paycoms\oracle-instantclient\instantclient_11_2;C:\Program Files\SlikSvn\bin;D:\Git\cmd;C:\WINDOWS\System32\OpenSSH\;D:\paycoms\apache-maven-3.6.1-bin\apache-maven-3.6.1\bin;D:\node.js;C:\Users\CHS\AppData\Local\Microsoft\WindowsApps;C:\Users\CHS\AppData\Roaming\npm;D:\sts_4.1.2.RELEASE\sts-4.1.2.RELEASE;
USERNAME=CHS
OS=Windows_NT
PROCESSOR_IDENTIFIER=Intel64 Family 6 Model 60 Stepping 3, GenuineIntel



---------------  S Y S T E M  ---------------

OS: Windows 10.0 , 64 bit Build 17134 (10.0.17134.706)

CPU:total 8 (initial active 8) (4 cores per cpu, 2 threads per core) family 6 model 60 stepping 3, cmov, cx8, fxsr, mmx, sse, sse2, sse3, ssse3, sse4.1, sse4.2, popcnt, avx, avx2, aes, clmul, erms, lzcnt, ht, tsc, tscinvbit, bmi1, bmi2

Memory: 4k page, physical 33489860k(23495632k free), swap 48097344k(32517224k free)

vm_info: OpenJDK 64-Bit Server VM (25.202-b05) for windows-amd64 JRE (Zulu 8.36.0.1-CA-win64) (1.8.0_202-b05), built on Jan 29 2019 06:24:43 by "tester" with MS VC++ 10.0 (VS2010)

time: Thu May 02 09:46:01 2019
timezone: 대한민국 표준시
elapsed time: 351 seconds (0d 0h 5m 51s)

