#
# There is insufficient memory for the Java Runtime Environment to continue.
# Native memory allocation (malloc) failed to allocate 32744 bytes for ChunkPool::allocate
# Possible reasons:
#   The system is out of physical RAM or swap space
#   The process is running with CompressedOops enabled, and the Java Heap may be blocking the growth of the native heap
# Possible solutions:
#   Reduce memory load on the system
#   Increase physical memory or swap space
#   Check if swap backing store is full
#   Decrease Java heap size (-Xmx/-Xms)
#   Decrease number of Java threads
#   Decrease Java thread stack sizes (-Xss)
#   Set larger code cache with -XX:ReservedCodeCacheSize=
#   JVM is running with Zero Based Compressed Oops mode in which the Java heap is
#     placed in the first 32GB address space. The Java Heap base address is the
#     maximum limit for the native heap growth. Please use -XX:HeapBaseMinAddress
#     to set the Java Heap base and to place the Java Heap above 32GB virtual address.
# This output file may be truncated or incomplete.
#
#  Out of Memory Error (allocation.cpp:272), pid=18032, tid=0x0000000000005298
#
# JRE version: OpenJDK Runtime Environment (Zulu 8.36.0.1-CA-win64) (8.0_202-b05) (build 1.8.0_202-b05)
# Java VM: OpenJDK 64-Bit Server VM (25.202-b05 mixed mode windows-amd64 compressed oops)
# Failed to write core dump. Minidumps are not enabled by default on client versions of Windows
#

---------------  T H R E A D  ---------------

Current thread (0x0000000034c41800):  JavaThread "RMI TCP Accept-0" daemon [_thread_in_vm, id=21144, stack(0x0000000037030000,0x0000000037130000)]

Stack: [0x0000000037030000,0x0000000037130000]
[error occurred during error reporting (printing stack bounds), id 0xc0000005]

Native frames: (J=compiled Java code, j=interpreted, Vv=VM code, C=native code)

Java frames: (J=compiled Java code, j=interpreted, Vv=VM code)
J 996  java.lang.ClassLoader.defineClass1(Ljava/lang/String;[BIILjava/security/ProtectionDomain;Ljava/lang/String;)Ljava/lang/Class; (0 bytes) @ 0x0000000002f8575f [0x0000000002f856c0+0x9f]
J 1020 C1 java.lang.ClassLoader.defineClass(Ljava/lang/String;[BIILjava/security/ProtectionDomain;)Ljava/lang/Class; (43 bytes) @ 0x0000000002f9eccc [0x0000000002f9e6c0+0x60c]
J 859 C1 java.security.SecureClassLoader.defineClass(Ljava/lang/String;[BIILjava/security/CodeSource;)Ljava/lang/Class; (16 bytes) @ 0x0000000002f2d31c [0x0000000002f2d1c0+0x15c]
J 3281 C2 java.net.URLClassLoader$1.run()Ljava/lang/Object; (5 bytes) @ 0x0000000003a47480 [0x0000000003a44d60+0x2720]
v  ~StubRoutines::call_stub
J 378  java.security.AccessController.doPrivileged(Ljava/security/PrivilegedExceptionAction;Ljava/security/AccessControlContext;)Ljava/lang/Object; (0 bytes) @ 0x0000000002da9fe6 [0x0000000002da9f80+0x66]
J 3147 C2 java.net.URLClassLoader.findClass(Ljava/lang/String;)Ljava/lang/Class; (47 bytes) @ 0x00000000037d0f84 [0x00000000037d0ee0+0xa4]
j  java.lang.ClassLoader.loadClass(Ljava/lang/String;Z)Ljava/lang/Class;+70
J 3196 C2 java.lang.ClassLoader.loadClass(Ljava/lang/String;)Ljava/lang/Class; (7 bytes) @ 0x0000000003834640 [0x0000000003834480+0x1c0]
v  ~StubRoutines::call_stub
j  ch.qos.logback.classic.spi.ThrowableProxy.getPackagingDataCalculator()Lch/qos/logback/classic/spi/PackagingDataCalculator;+15
j  ch.qos.logback.classic.spi.ThrowableProxy.calculatePackagingData()V+9
j  ch.qos.logback.classic.spi.LoggingEvent.<init>(Ljava/lang/String;Lch/qos/logback/classic/Logger;Lch/qos/logback/classic/Level;Ljava/lang/String;Ljava/lang/Throwable;[Ljava/lang/Object;)V+102
j  ch.qos.logback.classic.Logger.buildLoggingEventAndAppend(Ljava/lang/String;Lorg/slf4j/Marker;Lch/qos/logback/classic/Level;Ljava/lang/String;[Ljava/lang/Object;Ljava/lang/Throwable;)V+13
j  ch.qos.logback.classic.Logger.filterAndLog_0_Or3Plus(Ljava/lang/String;Lorg/slf4j/Marker;Lch/qos/logback/classic/Level;Ljava/lang/String;[Ljava/lang/Object;Ljava/lang/Throwable;)V+57
j  ch.qos.logback.classic.Logger.log(Lorg/slf4j/Marker;Ljava/lang/String;ILjava/lang/String;[Ljava/lang/Object;Ljava/lang/Throwable;)V+17
j  org.slf4j.bridge.SLF4JBridgeHandler.callLocationAwareLogger(Lorg/slf4j/spi/LocationAwareLogger;Ljava/util/logging/LogRecord;)V+88
j  org.slf4j.bridge.SLF4JBridgeHandler.publish(Ljava/util/logging/LogRecord;)V+36
j  java.util.logging.Logger.log(Ljava/util/logging/LogRecord;)V+87
j  java.util.logging.Logger.doLog(Ljava/util/logging/LogRecord;)V+46
j  java.util.logging.Logger.logp(Ljava/util/logging/Level;Ljava/lang/String;Ljava/lang/String;Ljava/lang/String;Ljava/lang/Throwable;)V+43
j  sun.rmi.runtime.Log$LoggerLog.log(Ljava/util/logging/Level;Ljava/lang/String;Ljava/lang/Throwable;)V+55
j  sun.rmi.transport.tcp.TCPTransport$AcceptLoop.executeAcceptLoop()V+207
j  sun.rmi.transport.tcp.TCPTransport$AcceptLoop.run()V+1
j  java.lang.Thread.run()V+11
v  ~StubRoutines::call_stub

---------------  P R O C E S S  ---------------

Java Threads: ( => current thread )
  0x0000000034c45800 JavaThread "RMI TCP Connection(idle)" daemon [_thread_blocked, id=19744, stack(0x0000000043010000,0x0000000043110000)]
  0x0000000034c44000 JavaThread "JMX server connection timeout 22" daemon [_thread_blocked, id=22352, stack(0x0000000037910000,0x0000000037a10000)]
  0x0000000034c47000 JavaThread "RMI Scheduler(0)" daemon [_thread_blocked, id=11992, stack(0x0000000037810000,0x0000000037910000)]
=>0x0000000034c41800 JavaThread "RMI TCP Accept-0" daemon [_thread_in_vm, id=21144, stack(0x0000000037030000,0x0000000037130000)]
  0x0000000028c1f800 JavaThread "ReaderThread" [_thread_in_native, id=20424, stack(0x0000000029330000,0x0000000029430000)]
  0x0000000027c1b000 JavaThread "Service Thread" daemon [_thread_blocked, id=3972, stack(0x0000000028830000,0x0000000028930000)]
  0x0000000027c18000 JavaThread "C1 CompilerThread3" daemon [_thread_blocked, id=21544, stack(0x0000000028730000,0x0000000028830000)]
  0x0000000027c0f800 JavaThread "C2 CompilerThread2" daemon [_thread_in_native, id=22180, stack(0x0000000028630000,0x0000000028730000)]
  0x0000000027c0e800 JavaThread "C2 CompilerThread1" daemon [_thread_in_native, id=6908, stack(0x0000000028530000,0x0000000028630000)]
  0x0000000027c05800 JavaThread "C2 CompilerThread0" daemon [_thread_blocked, id=24176, stack(0x0000000028430000,0x0000000028530000)]
  0x00000000279db000 JavaThread "JDWP Command Reader" daemon [_thread_in_native, id=24076, stack(0x0000000028330000,0x0000000028430000)]
  0x00000000279d8000 JavaThread "JDWP Event Helper Thread" daemon [_thread_blocked, id=22488, stack(0x0000000028230000,0x0000000028330000)]
  0x00000000279cc000 JavaThread "JDWP Transport Listener: dt_socket" daemon [_thread_blocked, id=20320, stack(0x0000000028130000,0x0000000028230000)]
  0x0000000025b59000 JavaThread "Attach Listener" daemon [_thread_blocked, id=25072, stack(0x0000000028030000,0x0000000028130000)]
  0x0000000027974000 JavaThread "Signal Dispatcher" daemon [_thread_blocked, id=25524, stack(0x0000000027f30000,0x0000000028030000)]
  0x0000000025b53000 JavaThread "Finalizer" daemon [_thread_blocked, id=9620, stack(0x0000000027e30000,0x0000000027f30000)]
  0x0000000002b5e800 JavaThread "Reference Handler" daemon [_thread_blocked, id=23736, stack(0x0000000027d30000,0x0000000027e30000)]
  0x0000000002a65000 JavaThread "main" [_thread_blocked, id=9644, stack(0x00000000026f0000,0x00000000027f0000)]

Other Threads:
  0x0000000025b48000 VMThread [stack: 0x0000000027830000,0x0000000027930000] [id=24752]
  0x0000000027c1b800 WatcherThread [stack: 0x0000000028930000,0x0000000028a30000] [id=22156]

VM state:not at safepoint (normal execution)

VM Mutex/Monitor currently owned by a thread: None

heap address: 0x00000005c0e00000, size: 8178 MB, Compressed Oops mode: Zero based, Oop shift amount: 3
Narrow klass base: 0x0000000000000000, Narrow klass shift: 3
Compressed class space size: 1073741824 Address: 0x00000007c0000000

Heap:
 PSYoungGen      total 267776K, used 13786K [0x0000000715a00000, 0x0000000728f80000, 0x00000007c0000000)
  eden space 263168K, 3% used [0x0000000715a00000,0x00000007162f9590,0x0000000725b00000)
  from space 4608K, 99% used [0x0000000728b00000,0x0000000728f7d330,0x0000000728f80000)
  to   space 12288K, 0% used [0x0000000727780000,0x0000000727780000,0x0000000728380000)
 ParOldGen       total 315392K, used 12310K [0x00000005c0e00000, 0x00000005d4200000, 0x0000000715a00000)
  object space 315392K, 3% used [0x00000005c0e00000,0x00000005c1a05858,0x00000005d4200000)
 Metaspace       used 36297K, capacity 37908K, committed 38016K, reserved 1083392K
  class space    used 4627K, capacity 4936K, committed 4992K, reserved 1048576K

Card table byte_map: [0x0000000011f20000,0x0000000012f20000] byte_map_base: 0x000000000f119000

Marking Bits: (ParMarkBitMap*) 0x0000000074af9630
 Begin Bits: [0x00000000141d0000, 0x000000001c198000)
 End Bits:   [0x000000001c198000, 0x0000000024160000)

Polling page: 0x0000000000580000

CodeCache: size=245760Kb used=15265Kb max_used=15797Kb free=230494Kb
 bounds [0x0000000002b60000, 0x0000000003b60000, 0x0000000011b60000]
 total_blobs=4236 nmethods=3812 adapters=343
 compilation: enabled

Compilation events (10 events):
Event: 218619.909 Thread 0x0000000027c0e800 4340   !   4       java.net.AbstractPlainSocketImpl::close (109 bytes)
Event: 218619.909 Thread 0x0000000027c05800 nmethod 4337 0x0000000002e2b250 code [0x0000000002e2b3c0, 0x0000000002e2ba18]
Event: 218619.910 Thread 0x0000000027c0f800 nmethod 4338 0x0000000002e2a7d0 code [0x0000000002e2a940, 0x0000000002e2af58]
Event: 218619.912 Thread 0x0000000027c0e800 nmethod 4340 0x0000000003488590 code [0x0000000003488740, 0x0000000003489148]
Event: 225364.335 Thread 0x0000000027c05800 4341       4       java.io.ObjectOutputStream$BlockDataOutputStream::writeInt (46 bytes)
Event: 225364.336 Thread 0x0000000027c05800 nmethod 4341 0x0000000002efb890 code [0x0000000002efb9e0, 0x0000000002efbb58]
Event: 226748.765 Thread 0x0000000027c18000 4342       3       ch.qos.logback.classic.Logger::createChildByName (131 bytes)
Event: 226748.766 Thread 0x0000000027c18000 nmethod 4342 0x00000000034a3490 code [0x00000000034a3780, 0x00000000034a4f58]
Event: 226748.767 Thread 0x0000000027c0e800 4343       4       org.eclipse.jdt.launching.internal.org.objectweb.asm.MethodWriter::computeMethodInfoSize (704 bytes)
Event: 226748.769 Thread 0x0000000027c0f800 4344       4       org.eclipse.jdt.launching.internal.org.objectweb.asm.MethodWriter::putMethodInfo (1431 bytes)

GC Heap History (10 events):
Event: 2.456 GC heap before
{Heap before GC invocations=4 (full 1):
 PSYoungGen      total 153088K, used 131584K [0x0000000715a00000, 0x0000000728500000, 0x00000007c0000000)
  eden space 131584K, 100% used [0x0000000715a00000,0x000000071da80000,0x000000071da80000)
  from space 21504K, 0% used [0x000000071ef80000,0x000000071ef80000,0x0000000720480000)
  to   space 21504K, 0% used [0x000000071da80000,0x000000071da80000,0x000000071ef80000)
 ParOldGen       total 199680K, used 8785K [0x00000005c0e00000, 0x00000005cd100000, 0x0000000715a00000)
  object space 199680K, 4% used [0x00000005c0e00000,0x00000005c1694718,0x00000005cd100000)
 Metaspace       used 28965K, capacity 29770K, committed 29952K, reserved 1075200K
  class space    used 3615K, capacity 3807K, committed 3840K, reserved 1048576K
Event: 2.465 GC heap after
Heap after GC invocations=4 (full 1):
 PSYoungGen      total 153088K, used 9908K [0x0000000715a00000, 0x0000000724780000, 0x00000007c0000000)
  eden space 131584K, 0% used [0x0000000715a00000,0x0000000715a00000,0x000000071da80000)
  from space 21504K, 46% used [0x000000071da80000,0x000000071e42d1c8,0x000000071ef80000)
  to   space 21504K, 0% used [0x0000000723280000,0x0000000723280000,0x0000000724780000)
 ParOldGen       total 199680K, used 8857K [0x00000005c0e00000, 0x00000005cd100000, 0x0000000715a00000)
  object space 199680K, 4% used [0x00000005c0e00000,0x00000005c16a6728,0x00000005cd100000)
 Metaspace       used 28965K, capacity 29770K, committed 29952K, reserved 1075200K
  class space    used 3615K, capacity 3807K, committed 3840K, reserved 1048576K
}
Event: 3.370 GC heap before
{Heap before GC invocations=5 (full 1):
 PSYoungGen      total 153088K, used 141492K [0x0000000715a00000, 0x0000000724780000, 0x00000007c0000000)
  eden space 131584K, 100% used [0x0000000715a00000,0x000000071da80000,0x000000071da80000)
  from space 21504K, 46% used [0x000000071da80000,0x000000071e42d1c8,0x000000071ef80000)
  to   space 21504K, 0% used [0x0000000723280000,0x0000000723280000,0x0000000724780000)
 ParOldGen       total 199680K, used 8857K [0x00000005c0e00000, 0x00000005cd100000, 0x0000000715a00000)
  object space 199680K, 4% used [0x00000005c0e00000,0x00000005c16a6728,0x00000005cd100000)
 Metaspace       used 32299K, capacity 33686K, committed 33792K, reserved 1079296K
  class space    used 4052K, capacity 4289K, committed 4352K, reserved 1048576K
Event: 3.378 GC heap after
Heap after GC invocations=5 (full 1):
 PSYoungGen      total 212480K, used 10169K [0x0000000715a00000, 0x0000000724300000, 0x00000007c0000000)
  eden space 195584K, 0% used [0x0000000715a00000,0x0000000715a00000,0x0000000721900000)
  from space 16896K, 60% used [0x0000000723280000,0x0000000723c6e688,0x0000000724300000)
  to   space 21504K, 0% used [0x0000000721900000,0x0000000721900000,0x0000000722e00000)
 ParOldGen       total 199680K, used 8865K [0x00000005c0e00000, 0x00000005cd100000, 0x0000000715a00000)
  object space 199680K, 4% used [0x00000005c0e00000,0x00000005c16a8728,0x00000005cd100000)
 Metaspace       used 32299K, capacity 33686K, committed 33792K, reserved 1079296K
  class space    used 4052K, capacity 4289K, committed 4352K, reserved 1048576K
}
Event: 3.765 GC heap before
{Heap before GC invocations=6 (full 1):
 PSYoungGen      total 212480K, used 63462K [0x0000000715a00000, 0x0000000724300000, 0x00000007c0000000)
  eden space 195584K, 27% used [0x0000000715a00000,0x0000000718e0b428,0x0000000721900000)
  from space 16896K, 60% used [0x0000000723280000,0x0000000723c6e688,0x0000000724300000)
  to   space 21504K, 0% used [0x0000000721900000,0x0000000721900000,0x0000000722e00000)
 ParOldGen       total 199680K, used 8865K [0x00000005c0e00000, 0x00000005cd100000, 0x0000000715a00000)
  object space 199680K, 4% used [0x00000005c0e00000,0x00000005c16a8728,0x00000005cd100000)
 Metaspace       used 33744K, capacity 35278K, committed 35416K, reserved 1081344K
  class space    used 4251K, capacity 4551K, committed 4608K, reserved 1048576K
Event: 3.777 GC heap after
Heap after GC invocations=6 (full 1):
 PSYoungGen      total 217088K, used 7774K [0x0000000715a00000, 0x0000000729600000, 0x00000007c0000000)
  eden space 195584K, 0% used [0x0000000715a00000,0x0000000715a00000,0x0000000721900000)
  from space 21504K, 36% used [0x0000000721900000,0x0000000722097be0,0x0000000722e00000)
  to   space 11264K, 0% used [0x0000000728b00000,0x0000000728b00000,0x0000000729600000)
 ParOldGen       total 199680K, used 8873K [0x00000005c0e00000, 0x00000005cd100000, 0x0000000715a00000)
  object space 199680K, 4% used [0x00000005c0e00000,0x00000005c16aa728,0x00000005cd100000)
 Metaspace       used 33744K, capacity 35278K, committed 35416K, reserved 1081344K
  class space    used 4251K, capacity 4551K, committed 4608K, reserved 1048576K
}
Event: 3.777 GC heap before
{Heap before GC invocations=7 (full 2):
 PSYoungGen      total 217088K, used 7774K [0x0000000715a00000, 0x0000000729600000, 0x00000007c0000000)
  eden space 195584K, 0% used [0x0000000715a00000,0x0000000715a00000,0x0000000721900000)
  from space 21504K, 36% used [0x0000000721900000,0x0000000722097be0,0x0000000722e00000)
  to   space 11264K, 0% used [0x0000000728b00000,0x0000000728b00000,0x0000000729600000)
 ParOldGen       total 199680K, used 8873K [0x00000005c0e00000, 0x00000005cd100000, 0x0000000715a00000)
  object space 199680K, 4% used [0x00000005c0e00000,0x00000005c16aa728,0x00000005cd100000)
 Metaspace       used 33744K, capacity 35278K, committed 35416K, reserved 1081344K
  class space    used 4251K, capacity 4551K, committed 4608K, reserved 1048576K
Event: 3.846 GC heap after
Heap after GC invocations=7 (full 2):
 PSYoungGen      total 217088K, used 0K [0x0000000715a00000, 0x0000000729600000, 0x00000007c0000000)
  eden space 195584K, 0% used [0x0000000715a00000,0x0000000715a00000,0x0000000721900000)
  from space 21504K, 0% used [0x0000000721900000,0x0000000721900000,0x0000000722e00000)
  to   space 11264K, 0% used [0x0000000728b00000,0x0000000728b00000,0x0000000729600000)
 ParOldGen       total 315392K, used 12302K [0x00000005c0e00000, 0x00000005d4200000, 0x0000000715a00000)
  object space 315392K, 3% used [0x00000005c0e00000,0x00000005c1a03858,0x00000005d4200000)
 Metaspace       used 33744K, capacity 35278K, committed 35416K, reserved 1081344K
  class space    used 4251K, capacity 4551K, committed 4608K, reserved 1048576K
}
Event: 218619.886 GC heap before
{Heap before GC invocations=8 (full 2):
 PSYoungGen      total 217088K, used 195584K [0x0000000715a00000, 0x0000000729600000, 0x00000007c0000000)
  eden space 195584K, 100% used [0x0000000715a00000,0x0000000721900000,0x0000000721900000)
  from space 21504K, 0% used [0x0000000721900000,0x0000000721900000,0x0000000722e00000)
  to   space 11264K, 0% used [0x0000000728b00000,0x0000000728b00000,0x0000000729600000)
 ParOldGen       total 315392K, used 12302K [0x00000005c0e00000, 0x00000005d4200000, 0x0000000715a00000)
  object space 315392K, 3% used [0x00000005c0e00000,0x00000005c1a03858,0x00000005d4200000)
 Metaspace       used 36262K, capacity 37908K, committed 38016K, reserved 1083392K
  class space    used 4623K, capacity 4936K, committed 4992K, reserved 1048576K
Event: 218619.897 GC heap after
Heap after GC invocations=8 (full 2):
 PSYoungGen      total 267776K, used 4596K [0x0000000715a00000, 0x0000000728f80000, 0x00000007c0000000)
  eden space 263168K, 0% used [0x0000000715a00000,0x0000000715a00000,0x0000000725b00000)
  from space 4608K, 99% used [0x0000000728b00000,0x0000000728f7d330,0x0000000728f80000)
  to   space 12288K, 0% used [0x0000000727780000,0x0000000727780000,0x0000000728380000)
 ParOldGen       total 315392K, used 12310K [0x00000005c0e00000, 0x00000005d4200000, 0x0000000715a00000)
  object space 315392K, 3% used [0x00000005c0e00000,0x00000005c1a05858,0x00000005d4200000)
 Metaspace       used 36262K, capacity 37908K, committed 38016K, reserved 1083392K
  class space    used 4623K, capacity 4936K, committed 4992K, reserved 1048576K
}

Deoptimization events (10 events):
Event: 14.326 Thread 0x0000000034c46000 Uncommon trap: reason=array_check action=maybe_recompile pc=0x0000000002c7173c method=java.util.AbstractCollection.toArray([Ljava/lang/Object;)[Ljava/lang/Object; @ 119
Event: 14.326 Thread 0x0000000034c46000 Uncommon trap: reason=array_check action=maybe_recompile pc=0x0000000002c7173c method=java.util.AbstractCollection.toArray([Ljava/lang/Object;)[Ljava/lang/Object; @ 119
Event: 15904.609 Thread 0x0000000034c46000 Uncommon trap: reason=class_check action=maybe_recompile pc=0x0000000002eee21c method=java.lang.reflect.Array.newInstance(Ljava/lang/Class;I)Ljava/lang/Object; @ 2
Event: 16204.597 Thread 0x0000000034c46000 Uncommon trap: reason=class_check action=maybe_recompile pc=0x0000000002eee21c method=java.lang.reflect.Array.newInstance(Ljava/lang/Class;I)Ljava/lang/Object; @ 2
Event: 16504.629 Thread 0x0000000034c46000 Uncommon trap: reason=class_check action=maybe_recompile pc=0x0000000002eee21c method=java.lang.reflect.Array.newInstance(Ljava/lang/Class;I)Ljava/lang/Object; @ 2
Event: 16804.580 Thread 0x0000000034c46000 Uncommon trap: reason=class_check action=maybe_recompile pc=0x0000000002eee21c method=java.lang.reflect.Array.newInstance(Ljava/lang/Class;I)Ljava/lang/Object; @ 2
Event: 226748.765 Thread 0x0000000034c41800 Uncommon trap: reason=unhandled action=none pc=0x00000000037d1060 method=java.net.URLClassLoader.findClass(Ljava/lang/String;)Ljava/lang/Class; @ 44
Event: 226748.767 Thread 0x0000000034c41800 Uncommon trap: reason=unhandled action=none pc=0x00000000037d1060 method=java.net.URLClassLoader.findClass(Ljava/lang/String;)Ljava/lang/Class; @ 44
Event: 226748.768 Thread 0x0000000034c41800 Uncommon trap: reason=unhandled action=none pc=0x00000000037d1060 method=java.net.URLClassLoader.findClass(Ljava/lang/String;)Ljava/lang/Class; @ 44
Event: 226748.768 Thread 0x0000000034c41800 Uncommon trap: reason=unhandled action=none pc=0x00000000037d1060 method=java.net.URLClassLoader.findClass(Ljava/lang/String;)Ljava/lang/Class; @ 44

Classes redefined (5 events):
Event: 38.916 Thread 0x0000000025b48000 redefined class name=com.sup2is.allaboutmise.model.JsonResultTest, count=1
Event: 43.107 Thread 0x0000000025b48000 redefined class name=com.sup2is.allaboutmise.model.JsonResultTest, count=2
Event: 48.075 Thread 0x0000000025b48000 redefined class name=com.sup2is.allaboutmise.model.JsonResultTest, count=3
Event: 50.191 Thread 0x0000000025b48000 redefined class name=com.sup2is.allaboutmise.model.JsonResultTest, count=4
Event: 51.258 Thread 0x0000000025b48000 redefined class name=com.sup2is.allaboutmise.model.JsonResultTest, count=5

Internal exceptions (10 events):
Event: 19.365 Thread 0x0000000034c46000 Exception <a 'java/lang/ClassNotFoundException': org/springframework/boot/actuate/endpoint/jmx/EndpointMBean> (0x00000007179fd0d8) thrown at [C:\jenkins\workspace\zulu8-silver-build-win64\zulu-src\hotspot\src\share\vm\classfile\systemDictionary.cpp, line 
Event: 19.365 Thread 0x0000000034c46000 Exception <a 'java/lang/ClassNotFoundException': org/springframework/boot/actuate/endpoint/jmx/DataEndpointMBean> (0x00000007179fd630) thrown at [C:\jenkins\workspace\zulu8-silver-build-win64\zulu-src\hotspot\src\share\vm\classfile\systemDictionary.cpp, l
Event: 19.365 Thread 0x0000000034c46000 Exception <a 'java/lang/ClassNotFoundException': org/springframework/context/support/LiveBeansView> (0x00000007179fdb70) thrown at [C:\jenkins\workspace\zulu8-silver-build-win64\zulu-src\hotspot\src\share\vm\classfile\systemDictionary.cpp, line 208]
Event: 19.365 Thread 0x0000000034c46000 Exception <a 'java/lang/ClassNotFoundException': org/springframework/boot/actuate/endpoint/jmx/EndpointMBean> (0x00000007179fdec8) thrown at [C:\jenkins\workspace\zulu8-silver-build-win64\zulu-src\hotspot\src\share\vm\classfile\systemDictionary.cpp, line 
Event: 19.365 Thread 0x0000000034c46000 Exception <a 'java/lang/ClassNotFoundException': org/springframework/boot/actuate/endpoint/jmx/DataEndpointMBean> (0x00000007179fe410) thrown at [C:\jenkins\workspace\zulu8-silver-build-win64\zulu-src\hotspot\src\share\vm\classfile\systemDictionary.cpp, l
Event: 19.365 Thread 0x0000000034c46000 Exception <a 'java/lang/ClassNotFoundException': org/springframework/context/support/LiveBeansView> (0x00000007179fe940) thrown at [C:\jenkins\workspace\zulu8-silver-build-win64\zulu-src\hotspot\src\share\vm\classfile\systemDictionary.cpp, line 208]
Event: 19.365 Thread 0x0000000034c46000 Exception <a 'java/lang/ClassNotFoundException': org/springframework/boot/actuate/endpoint/jmx/EndpointMBean> (0x00000007179fec90) thrown at [C:\jenkins\workspace\zulu8-silver-build-win64\zulu-src\hotspot\src\share\vm\classfile\systemDictionary.cpp, line 
Event: 19.365 Thread 0x0000000034c46000 Exception <a 'java/lang/ClassNotFoundException': org/springframework/boot/actuate/endpoint/jmx/DataEndpointMBean> (0x00000007179ff1d0) thrown at [C:\jenkins\workspace\zulu8-silver-build-win64\zulu-src\hotspot\src\share\vm\classfile\systemDictionary.cpp, l
Event: 19.365 Thread 0x0000000034c46000 Exception <a 'java/lang/ClassNotFoundException': org/springframework/context/support/LiveBeansView> (0x00000007179ff6f8) thrown at [C:\jenkins\workspace\zulu8-silver-build-win64\zulu-src\hotspot\src\share\vm\classfile\systemDictionary.cpp, line 208]
Event: 226748.606 Thread 0x0000000034c41800 Exception <a 'java/lang/Error': IP Helper Library GetIpAddrTable function failed> (0x00000007161492b0) thrown at [C:\jenkins\workspace\zulu8-silver-build-win64\zulu-src\hotspot\src\share\vm\prims\jni.cpp, line 737]

Events (10 events):
Event: 226748.768 Thread 0x0000000034c41800 DEOPT PACKING pc=0x00000000037d1060 sp=0x000000003712dcd0
Event: 226748.768 Thread 0x0000000034c41800 DEOPT UNPACKING pc=0x0000000002ba557b sp=0x000000003712dc68 mode 2
Event: 226748.768 Executing VM operation: RevokeBias
Event: 226748.768 Executing VM operation: RevokeBias done
Event: 226748.768 Thread 0x0000000034c41800 DEOPT PACKING pc=0x00000000039fa8f4 sp=0x000000003712dd10
Event: 226748.768 Thread 0x0000000034c41800 DEOPT UNPACKING pc=0x0000000002ba75d0 sp=0x000000003712db30 mode 1
Event: 226748.768 Executing VM operation: RevokeBias
Event: 226748.768 Executing VM operation: RevokeBias done
Event: 226748.768 Thread 0x0000000034c41800 DEOPT PACKING pc=0x00000000039fa68c sp=0x000000003712dea0
Event: 226748.768 Thread 0x0000000034c41800 DEOPT UNPACKING pc=0x0000000002ba75d0 sp=0x000000003712dcc0 mode 1


Dynamic libraries:
0x00007ff7684b0000 - 0x00007ff7684e5000 	D:\paycoms\javavm\zulu-jdk8.0.202-win_x64\zulu8.36.0.1-ca-jdk8.0.202-win_x64\bin\javaw.exe
0x00007fffe1c00000 - 0x00007fffe1de1000 	C:\WINDOWS\SYSTEM32\ntdll.dll
0x00007fffdf1c0000 - 0x00007fffdf271000 	C:\WINDOWS\System32\KERNEL32.DLL
0x00007fffde6e0000 - 0x00007fffde953000 	C:\WINDOWS\System32\KERNELBASE.dll
0x00007fffdf750000 - 0x00007fffdf7f1000 	C:\WINDOWS\System32\ADVAPI32.dll
0x00007fffdf300000 - 0x00007fffdf39e000 	C:\WINDOWS\System32\msvcrt.dll
0x00007fffdf520000 - 0x00007fffdf57b000 	C:\WINDOWS\System32\sechost.dll
0x00007fffdf090000 - 0x00007fffdf1b4000 	C:\WINDOWS\System32\RPCRT4.dll
0x00007fffdf890000 - 0x00007fffdfa20000 	C:\WINDOWS\System32\USER32.dll
0x00007fffdefa0000 - 0x00007fffdefc0000 	C:\WINDOWS\System32\win32u.dll
0x00007fffe15a0000 - 0x00007fffe15c8000 	C:\WINDOWS\System32\GDI32.dll
0x00007fffdeb60000 - 0x00007fffdecf2000 	C:\WINDOWS\System32\gdi32full.dll
0x00007fffde9c0000 - 0x00007fffdea5f000 	C:\WINDOWS\System32\msvcp_win.dll
0x00007fffdea60000 - 0x00007fffdeb58000 	C:\WINDOWS\System32\ucrtbase.dll
0x00007fffd0930000 - 0x00007fffd0b99000 	C:\WINDOWS\WinSxS\amd64_microsoft.windows.common-controls_6595b64144ccf1df_6.0.17134.706_none_fb43a2cb30647007\COMCTL32.dll
0x00007fffe1260000 - 0x00007fffe1582000 	C:\WINDOWS\System32\combase.dll
0x00007fffdf010000 - 0x00007fffdf08a000 	C:\WINDOWS\System32\bcryptPrimitives.dll
0x00007fffdf860000 - 0x00007fffdf88d000 	C:\WINDOWS\System32\IMM32.DLL
0x0000000074b80000 - 0x0000000074c52000 	D:\paycoms\javavm\zulu-jdk8.0.202-win_x64\zulu8.36.0.1-ca-jdk8.0.202-win_x64\jre\bin\msvcr100.dll
0x00000000742d0000 - 0x0000000074b7a000 	D:\paycoms\javavm\zulu-jdk8.0.202-win_x64\zulu8.36.0.1-ca-jdk8.0.202-win_x64\jre\bin\server\jvm.dll
0x00007fffdfaf0000 - 0x00007fffdfaf8000 	C:\WINDOWS\System32\PSAPI.DLL
0x00007fffb6480000 - 0x00007fffb6489000 	C:\WINDOWS\SYSTEM32\WSOCK32.dll
0x00007fffdfdb0000 - 0x00007fffdfe1c000 	C:\WINDOWS\System32\WS2_32.dll
0x00007fffdac10000 - 0x00007fffdac33000 	C:\WINDOWS\SYSTEM32\WINMM.dll
0x00007fffdcb50000 - 0x00007fffdcb5a000 	C:\WINDOWS\SYSTEM32\VERSION.dll
0x00007fffdabe0000 - 0x00007fffdac0a000 	C:\WINDOWS\SYSTEM32\winmmbase.dll
0x00007fffdefc0000 - 0x00007fffdf009000 	C:\WINDOWS\System32\cfgmgr32.dll
0x00007fffd6de0000 - 0x00007fffd6def000 	D:\paycoms\javavm\zulu-jdk8.0.202-win_x64\zulu8.36.0.1-ca-jdk8.0.202-win_x64\jre\bin\verify.dll
0x00007fffcdd00000 - 0x00007fffcdd29000 	D:\paycoms\javavm\zulu-jdk8.0.202-win_x64\zulu8.36.0.1-ca-jdk8.0.202-win_x64\jre\bin\java.dll
0x00007fffcec80000 - 0x00007fffcecb5000 	D:\paycoms\javavm\zulu-jdk8.0.202-win_x64\zulu8.36.0.1-ca-jdk8.0.202-win_x64\jre\bin\jdwp.dll
0x00007fffda300000 - 0x00007fffda308000 	D:\paycoms\javavm\zulu-jdk8.0.202-win_x64\zulu8.36.0.1-ca-jdk8.0.202-win_x64\jre\bin\npt.dll
0x00007fffba370000 - 0x00007fffba393000 	D:\paycoms\javavm\zulu-jdk8.0.202-win_x64\zulu8.36.0.1-ca-jdk8.0.202-win_x64\jre\bin\instrument.dll
0x00007fffcdd80000 - 0x00007fffcdd96000 	D:\paycoms\javavm\zulu-jdk8.0.202-win_x64\zulu8.36.0.1-ca-jdk8.0.202-win_x64\jre\bin\zip.dll
0x00007fffdfe20000 - 0x00007fffe1260000 	C:\WINDOWS\System32\SHELL32.dll
0x00007fffe1630000 - 0x00007fffe16d9000 	C:\WINDOWS\System32\shcore.dll
0x00007fffddfd0000 - 0x00007fffde6dd000 	C:\WINDOWS\System32\windows.storage.dll
0x00007fffdf800000 - 0x00007fffdf851000 	C:\WINDOWS\System32\shlwapi.dll
0x00007fffddfb0000 - 0x00007fffddfc1000 	C:\WINDOWS\System32\kernel.appcore.dll
0x00007fffddf70000 - 0x00007fffddf8f000 	C:\WINDOWS\System32\profapi.dll
0x00007fffddf20000 - 0x00007fffddf6c000 	C:\WINDOWS\System32\powrprof.dll
0x00007fffddf10000 - 0x00007fffddf1a000 	C:\WINDOWS\System32\FLTLIB.DLL
0x00007fffcf3b0000 - 0x00007fffcf3b9000 	D:\paycoms\javavm\zulu-jdk8.0.202-win_x64\zulu8.36.0.1-ca-jdk8.0.202-win_x64\jre\bin\dt_socket.dll
0x00007fffd62d0000 - 0x00007fffd62e6000 	C:\WINDOWS\system32\napinsp.dll
0x00007fffda900000 - 0x00007fffda91a000 	C:\WINDOWS\system32\pnrpnsp.dll
0x00007fffda8a0000 - 0x00007fffda8b9000 	C:\WINDOWS\system32\NLAapi.dll
0x00007fffdd790000 - 0x00007fffdd7f6000 	C:\WINDOWS\System32\mswsock.dll
0x00007fffdd550000 - 0x00007fffdd60e000 	C:\WINDOWS\SYSTEM32\DNSAPI.dll
0x00007fffe1590000 - 0x00007fffe1598000 	C:\WINDOWS\System32\NSI.dll
0x00007fffdd510000 - 0x00007fffdd548000 	C:\WINDOWS\SYSTEM32\IPHLPAPI.DLL
0x00007fffdac40000 - 0x00007fffdac4e000 	C:\WINDOWS\System32\winrnr.dll
0x00007fffd6060000 - 0x00007fffd60d2000 	C:\WINDOWS\System32\fwpuclnt.dll
0x00007fffdda70000 - 0x00007fffdda95000 	C:\WINDOWS\SYSTEM32\bcrypt.dll
0x00007fffd5f70000 - 0x00007fffd5f7a000 	C:\Windows\System32\rasadhlp.dll
0x00007fffcc2d0000 - 0x00007fffcc2ea000 	D:\paycoms\javavm\zulu-jdk8.0.202-win_x64\zulu8.36.0.1-ca-jdk8.0.202-win_x64\jre\bin\net.dll
0x00007fffd5bb0000 - 0x00007fffd5d78000 	C:\WINDOWS\SYSTEM32\urlmon.dll
0x00007fffd5900000 - 0x00007fffd5ba6000 	C:\WINDOWS\SYSTEM32\iertutil.dll
0x00007fffdd960000 - 0x00007fffdd96b000 	C:\WINDOWS\SYSTEM32\CRYPTBASE.DLL
0x00007fffcbed0000 - 0x00007fffcbee1000 	D:\paycoms\javavm\zulu-jdk8.0.202-win_x64\zulu8.36.0.1-ca-jdk8.0.202-win_x64\jre\bin\nio.dll
0x00007fffce750000 - 0x00007fffce75d000 	D:\paycoms\javavm\zulu-jdk8.0.202-win_x64\zulu8.36.0.1-ca-jdk8.0.202-win_x64\jre\bin\management.dll
0x00007fffdd940000 - 0x00007fffdd957000 	C:\WINDOWS\SYSTEM32\CRYPTSP.dll
0x00007fffdd370000 - 0x00007fffdd3a3000 	C:\WINDOWS\system32\rsaenh.dll
0x00007fffdde10000 - 0x00007fffdde38000 	C:\WINDOWS\SYSTEM32\USERENV.dll
0x00007fffd8c10000 - 0x00007fffd8c26000 	C:\WINDOWS\SYSTEM32\dhcpcsvc6.DLL
0x00007fffd84f0000 - 0x00007fffd850a000 	C:\WINDOWS\SYSTEM32\dhcpcsvc.DLL

VM Arguments:
jvm_args: -agentlib:jdwp=transport=dt_socket,suspend=y,address=localhost:63520 -ea -javaagent:D:\sts_4.1.2.RELEASE\sts-4.1.2.RELEASE\configuration\org.eclipse.osgi\240\0\.cp\lib\javaagent-shaded.jar -Dfile.encoding=UTF-8 
java_command: org.eclipse.jdt.internal.junit.runner.RemoteTestRunner -version 3 -port 63519 -testLoaderClass org.eclipse.jdt.internal.junit4.runner.JUnit4TestLoader -loaderpluginname org.eclipse.jdt.junit4.runtime -test com.sup2is.allaboutmise.model.JsonResultTest:testJsonResult
java_class_path (initial): D:\git-workspace\allaboutmise\target\test-classes;D:\git-workspace\allaboutmise\target\classes;C:\Users\CHS\.m2\repository\org\springframework\boot\spring-boot-starter-web\2.1.4.RELEASE\spring-boot-starter-web-2.1.4.RELEASE.jar;C:\Users\CHS\.m2\repository\org\springframework\boot\spring-boot-starter\2.1.4.RELEASE\spring-boot-starter-2.1.4.RELEASE.jar;C:\Users\CHS\.m2\repository\org\springframework\boot\spring-boot\2.1.4.RELEASE\spring-boot-2.1.4.RELEASE.jar;C:\Users\CHS\.m2\repository\org\springframework\boot\spring-boot-autoconfigure\2.1.4.RELEASE\spring-boot-autoconfigure-2.1.4.RELEASE.jar;C:\Users\CHS\.m2\repository\org\springframework\boot\spring-boot-starter-logging\2.1.4.RELEASE\spring-boot-starter-logging-2.1.4.RELEASE.jar;C:\Users\CHS\.m2\repository\ch\qos\logback\logback-classic\1.2.3\logback-classic-1.2.3.jar;C:\Users\CHS\.m2\repository\ch\qos\logback\logback-core\1.2.3\logback-core-1.2.3.jar;C:\Users\CHS\.m2\repository\org\apache\logging\log4j\log4j-to-slf4j\2.11.2\log4j-to-slf4j-2.11.2.jar;C:\Users\CHS\.m2\repository\org\apache\logging\log4j\log4j-api\2.11.2\log4j-api-2.11.2.jar;C:\Users\CHS\.m2\repository\org\slf4j\jul-to-slf4j\1.7.26\jul-to-slf4j-1.7.26.jar;C:\Users\CHS\.m2\repository\javax\annotation\javax.annotation-api\1.3.2\javax.annotation-api-1.3.2.jar;C:\Users\CHS\.m2\repository\org\yaml\snakeyaml\1.23\snakeyaml-1.23.jar;C:\Users\CHS\.m2\repository\org\springframework\boot\spring-boot-starter-json\2.1.4.RELEASE\spring-boot-starter-json-2.1.4.RELEASE.jar;C:\Users\CHS\.m2\repository\com\fasterxml\jackson\core\jackson-databind\2.9.8\jackson-databind-2.9.8.jar;C:\Users\CHS\.m2\repository\com\fasterxml\jackson\core\jackson-annotations\2.9.0\jackson-annotations-2.9.0.jar;C:\Users\CHS\.m2\repository\com\fasterxml\jackson\core\jackson-core\2.9.8\jackson-core-2.9.8.jar;C:\Users\CHS\.m2\repository\com\fasterxml\jackson\datatype\jackson-datatype-jdk8\2.9.8\jackson-datatype-jdk8-2.9.8.jar;C:\Users\CHS\.m2\repository\com\fasterxm
Launcher Type: SUN_STANDARD

Environment Variables:
JAVA_HOME=D:\paycoms\javavm\zulu-jdk8.0.202-win_x64\zulu8.36.0.1-ca-jdk8.0.202-win_x64\bin
JRE_HOME=D:\paycoms\javavm\zulu-jdk8.0.202-win_x64\zulu8.36.0.1-ca-jdk8.0.202-win_x64\jre\bin
PATH=D:/paycoms/javavm/zulu-jdk8.0.202-win_x64/zulu8.36.0.1-ca-jdk8.0.202-win_x64/bin/../jre/bin/server;D:/paycoms/javavm/zulu-jdk8.0.202-win_x64/zulu8.36.0.1-ca-jdk8.0.202-win_x64/bin/../jre/bin;D:/paycoms/javavm/zulu-jdk8.0.202-win_x64/zulu8.36.0.1-ca-jdk8.0.202-win_x64/bin/../jre/lib/amd64;D:\paycoms\javavm\zulu-jdk8.0.202-win_x64\zulu8.36.0.1-ca-jdk8.0.202-win_x64\bin;D:\paycoms\javavm\zulu-jdk8.0.202-win_x64\zulu8.36.0.1-ca-jdk8.0.202-win_x64\jre\bin;C:\WINDOWS\system32;C:\WINDOWS;C:\WINDOWS\System32\Wbem;C:\WINDOWS\System32\WindowsPowerShell\v1.0\;C:\Program Files (x86)\ATI Technologies\ATI.ACE\Core-Static;C:\Program Files\TortoiseSVN\bin;D:\paycoms\oracle-instantclient\instantclient_11_2;C:\Program Files\SlikSvn\bin;D:\Git\cmd;C:\WINDOWS\System32\OpenSSH\;D:\paycoms\apache-maven-3.6.1-bin\apache-maven-3.6.1\bin;D:\node.js;C:\Users\CHS\AppData\Local\Microsoft\WindowsApps;C:\Users\CHS\AppData\Roaming\npm;D:\sts_4.1.2.RELEASE\sts-4.1.2.RELEASE;
USERNAME=CHS
OS=Windows_NT
PROCESSOR_IDENTIFIER=Intel64 Family 6 Model 60 Stepping 3, GenuineIntel



---------------  S Y S T E M  ---------------

OS: Windows 10.0 , 64 bit Build 17134 (10.0.17134.706)

CPU:total 8 (initial active 8) (4 cores per cpu, 2 threads per core) family 6 model 60 stepping 3, cmov, cx8, fxsr, mmx, sse, sse2, sse3, ssse3, sse4.1, sse4.2, popcnt, avx, avx2, aes, clmul, erms, lzcnt, ht, tsc, tscinvbit, bmi1, bmi2

Memory: 4k page, physical 33489860k(23652924k free), swap 48097344k(0k free)

vm_info: OpenJDK 64-Bit Server VM (25.202-b05) for windows-amd64 JRE (Zulu 8.36.0.1-CA-win64) (1.8.0_202-b05), built on Jan 29 2019 06:24:43 by "tester" with MS VC++ 10.0 (VS2010)

time: Mon Apr 29 08:54:59 2019
timezone: 대한민국 표준시
elapsed time: 226749 seconds (2d 14h 59m 9s)

